{"/Users/callum/Workplace/Otherworld/site/src/client/Config.ts": {"path":"/Users/callum/Workplace/Otherworld/site/src/client/Config.ts","statementMap":{"0":{"start":{"line":1,"column":13},"end":{"line":1,"column":25}},"1":{"start":{"line":2,"column":13},"end":{"line":2,"column":25}},"2":{"start":{"line":3,"column":13},"end":{"line":3,"column":25}},"3":{"start":{"line":4,"column":13},"end":{"line":4,"column":53}},"4":{"start":{"line":6,"column":13},"end":{"line":6,"column":30}},"5":{"start":{"line":7,"column":13},"end":{"line":7,"column":30}},"6":{"start":{"line":8,"column":13},"end":{"line":8,"column":25}},"7":{"start":{"line":9,"column":13},"end":{"line":9,"column":41}},"8":{"start":{"line":10,"column":13},"end":{"line":10,"column":43}},"9":{"start":{"line":12,"column":13},"end":{"line":12,"column":51}},"10":{"start":{"line":13,"column":13},"end":{"line":13,"column":22}},"11":{"start":{"line":14,"column":13},"end":{"line":14,"column":27}},"12":{"start":{"line":15,"column":13},"end":{"line":15,"column":26}},"13":{"start":{"line":17,"column":13},"end":{"line":17,"column":29}},"14":{"start":{"line":18,"column":13},"end":{"line":18,"column":59}},"15":{"start":{"line":20,"column":13},"end":{"line":20,"column":41}},"16":{"start":{"line":21,"column":13},"end":{"line":21,"column":41}},"17":{"start":{"line":23,"column":13},"end":{"line":23,"column":40}},"18":{"start":{"line":25,"column":27},"end":{"line":25,"column":77}},"19":{"start":{"line":25,"column":33},"end":{"line":25,"column":77}},"20":{"start":{"line":25,"column":13},"end":{"line":25,"column":27}}},"fnMap":{"0":{"name":"(anonymous_0)","decl":{"start":{"line":25,"column":27},"end":{"line":25,"column":30}},"loc":{"start":{"line":25,"column":33},"end":{"line":25,"column":77}}}},"branchMap":{},"s":{"0":1,"1":1,"2":1,"3":1,"4":1,"5":1,"6":1,"7":1,"8":1,"9":1,"10":1,"11":1,"12":1,"13":1,"14":1,"15":1,"16":1,"17":1,"18":1,"19":0,"20":1},"f":{"0":0},"b":{}}
,"/Users/callum/Workplace/Otherworld/site/src/client/engine/scripting/items/helper.ts": {"path":"/Users/callum/Workplace/Otherworld/site/src/client/engine/scripting/items/helper.ts","statementMap":{"0":{"start":{"line":4,"column":4},"end":{"line":5,"column":78}},"1":{"start":{"line":5,"column":8},"end":{"line":5,"column":77}},"2":{"start":{"line":5,"column":37},"end":{"line":5,"column":70}},"3":{"start":{"line":1,"column":0},"end":{"line":1,"column":16}},"4":{"start":{"line":11,"column":4},"end":{"line":12,"column":80}},"5":{"start":{"line":12,"column":8},"end":{"line":12,"column":79}},"6":{"start":{"line":12,"column":37},"end":{"line":12,"column":71}},"7":{"start":{"line":8,"column":0},"end":{"line":8,"column":16}},"8":{"start":{"line":18,"column":4},"end":{"line":19,"column":71}},"9":{"start":{"line":19,"column":8},"end":{"line":19,"column":70}},"10":{"start":{"line":19,"column":37},"end":{"line":19,"column":66}},"11":{"start":{"line":15,"column":0},"end":{"line":15,"column":16}},"12":{"start":{"line":25,"column":4},"end":{"line":25,"column":55}},"13":{"start":{"line":25,"column":20},"end":{"line":25,"column":54}},"14":{"start":{"line":25,"column":44},"end":{"line":25,"column":53}},"15":{"start":{"line":22,"column":0},"end":{"line":22,"column":16}}},"fnMap":{"0":{"name":"joinAND","decl":{"start":{"line":1,"column":16},"end":{"line":1,"column":23}},"loc":{"start":{"line":2,"column":51},"end":{"line":6,"column":1}}},"1":{"name":"(anonymous_1)","decl":{"start":{"line":4,"column":11},"end":{"line":4,"column":12}},"loc":{"start":{"line":5,"column":8},"end":{"line":5,"column":77}}},"2":{"name":"(anonymous_2)","decl":{"start":{"line":5,"column":21},"end":{"line":5,"column":22}},"loc":{"start":{"line":5,"column":37},"end":{"line":5,"column":70}}},"3":{"name":"joinOR","decl":{"start":{"line":8,"column":16},"end":{"line":8,"column":22}},"loc":{"start":{"line":9,"column":51},"end":{"line":13,"column":1}}},"4":{"name":"(anonymous_4)","decl":{"start":{"line":11,"column":11},"end":{"line":11,"column":12}},"loc":{"start":{"line":12,"column":8},"end":{"line":12,"column":79}}},"5":{"name":"(anonymous_5)","decl":{"start":{"line":12,"column":21},"end":{"line":12,"column":22}},"loc":{"start":{"line":12,"column":37},"end":{"line":12,"column":71}}},"6":{"name":"joinADD","decl":{"start":{"line":15,"column":16},"end":{"line":15,"column":23}},"loc":{"start":{"line":16,"column":50},"end":{"line":20,"column":1}}},"7":{"name":"(anonymous_7)","decl":{"start":{"line":18,"column":11},"end":{"line":18,"column":12}},"loc":{"start":{"line":19,"column":8},"end":{"line":19,"column":70}}},"8":{"name":"(anonymous_8)","decl":{"start":{"line":19,"column":21},"end":{"line":19,"column":22}},"loc":{"start":{"line":19,"column":37},"end":{"line":19,"column":66}}},"9":{"name":"join","decl":{"start":{"line":22,"column":16},"end":{"line":22,"column":20}},"loc":{"start":{"line":23,"column":48},"end":{"line":26,"column":1}}},"10":{"name":"(anonymous_10)","decl":{"start":{"line":25,"column":11},"end":{"line":25,"column":12}},"loc":{"start":{"line":25,"column":20},"end":{"line":25,"column":54}}},"11":{"name":"(anonymous_11)","decl":{"start":{"line":25,"column":34},"end":{"line":25,"column":35}},"loc":{"start":{"line":25,"column":44},"end":{"line":25,"column":53}}}},"branchMap":{"0":{"loc":{"start":{"line":5,"column":37},"end":{"line":5,"column":41}},"type":"binary-expr","locations":[{"start":{"line":5,"column":37},"end":{"line":5,"column":41}},{"start":{"line":5,"column":46},"end":{"line":5,"column":69}}]},"1":{"loc":{"start":{"line":5,"column":53},"end":{"line":5,"column":62}},"type":"cond-expr","locations":[{"start":{"line":5,"column":53},"end":{"line":5,"column":62}},{"start":{"line":5,"column":65},"end":{"line":5,"column":69}}]},"2":{"loc":{"start":{"line":12,"column":37},"end":{"line":12,"column":41}},"type":"binary-expr","locations":[{"start":{"line":12,"column":37},"end":{"line":12,"column":41}},{"start":{"line":12,"column":46},"end":{"line":12,"column":70}}]},"3":{"loc":{"start":{"line":12,"column":53},"end":{"line":12,"column":62}},"type":"cond-expr","locations":[{"start":{"line":12,"column":53},"end":{"line":12,"column":62}},{"start":{"line":12,"column":65},"end":{"line":12,"column":70}}]},"4":{"loc":{"start":{"line":19,"column":52},"end":{"line":19,"column":61}},"type":"cond-expr","locations":[{"start":{"line":19,"column":52},"end":{"line":19,"column":61}},{"start":{"line":19,"column":64},"end":{"line":19,"column":65}}]}},"s":{"0":5,"1":5,"2":15,"3":1,"4":0,"5":0,"6":0,"7":1,"8":1,"9":1,"10":3,"11":1,"12":1,"13":1,"14":3,"15":1},"f":{"0":5,"1":5,"2":15,"3":0,"4":0,"5":0,"6":1,"7":1,"8":3,"9":1,"10":1,"11":3},"b":{"0":[15,10],"1":[10,0],"2":[0,0],"3":[0,0],"4":[3,0]}}
,"/Users/callum/Workplace/Otherworld/site/src/client/generation/model/MapNode.ts": {"path":"/Users/callum/Workplace/Otherworld/site/src/client/generation/model/MapNode.ts","statementMap":{"0":{"start":{"line":6,"column":12},"end":{"line":6,"column":44}},"1":{"start":{"line":9,"column":8},"end":{"line":9,"column":44}},"2":{"start":{"line":13,"column":8},"end":{"line":13,"column":44}},"3":{"start":{"line":17,"column":8},"end":{"line":17,"column":46}},"4":{"start":{"line":5,"column":0},"end":{"line":5,"column":13}}},"fnMap":{"0":{"name":"(anonymous_0)","decl":{"start":{"line":5,"column":0},"end":{"line":5,"column":13}},"loc":{"start":{"line":5,"column":0},"end":{"line":19,"column":1}}},"1":{"name":"(anonymous_1)","decl":{"start":{"line":8,"column":11},"end":{"line":8,"column":29}},"loc":{"start":{"line":8,"column":62},"end":{"line":10,"column":5}}},"2":{"name":"(anonymous_2)","decl":{"start":{"line":12,"column":11},"end":{"line":12,"column":29}},"loc":{"start":{"line":12,"column":47},"end":{"line":14,"column":5}}},"3":{"name":"(anonymous_3)","decl":{"start":{"line":16,"column":11},"end":{"line":16,"column":24}},"loc":{"start":{"line":16,"column":42},"end":{"line":18,"column":5}}}},"branchMap":{},"s":{"0":14,"1":7,"2":7,"3":21,"4":1},"f":{"0":14,"1":7,"2":7,"3":21},"b":{}}
,"/Users/callum/Workplace/Otherworld/site/src/client/services/jobs/ProcedureService.ts": {"path":"/Users/callum/Workplace/Otherworld/site/src/client/services/jobs/ProcedureService.ts","statementMap":{"0":{"start":{"line":1,"column":0},"end":{"line":1,"column":45}},"1":{"start":{"line":2,"column":0},"end":{"line":2,"column":67}},"2":{"start":{"line":23,"column":12},"end":{"line":25,"column":30}},"3":{"start":{"line":26,"column":12},"end":{"line":28,"column":30}},"4":{"start":{"line":31,"column":8},"end":{"line":31,"column":35}},"5":{"start":{"line":32,"column":8},"end":{"line":32,"column":35}},"6":{"start":{"line":36,"column":8},"end":{"line":36,"column":39}},"7":{"start":{"line":40,"column":8},"end":{"line":40,"column":39}},"8":{"start":{"line":42,"column":8},"end":{"line":42,"column":27}},"9":{"start":{"line":44,"column":8},"end":{"line":44,"column":33}},"10":{"start":{"line":45,"column":8},"end":{"line":45,"column":34}},"11":{"start":{"line":49,"column":8},"end":{"line":51,"column":10}},"12":{"start":{"line":52,"column":8},"end":{"line":52,"column":34}},"13":{"start":{"line":53,"column":8},"end":{"line":53,"column":43}},"14":{"start":{"line":57,"column":8},"end":{"line":59,"column":10}},"15":{"start":{"line":60,"column":8},"end":{"line":60,"column":34}},"16":{"start":{"line":61,"column":8},"end":{"line":61,"column":43}},"17":{"start":{"line":65,"column":8},"end":{"line":67,"column":10}},"18":{"start":{"line":68,"column":8},"end":{"line":68,"column":34}},"19":{"start":{"line":69,"column":8},"end":{"line":69,"column":43}},"20":{"start":{"line":73,"column":8},"end":{"line":75,"column":10}},"21":{"start":{"line":76,"column":8},"end":{"line":76,"column":34}},"22":{"start":{"line":77,"column":8},"end":{"line":77,"column":43}},"23":{"start":{"line":81,"column":25},"end":{"line":83,"column":41}},"24":{"start":{"line":83,"column":27},"end":{"line":83,"column":40}},"25":{"start":{"line":84,"column":8},"end":{"line":86,"column":null}},"26":{"start":{"line":85,"column":12},"end":{"line":85,"column":47}},"27":{"start":{"line":90,"column":25},"end":{"line":92,"column":41}},"28":{"start":{"line":92,"column":27},"end":{"line":92,"column":40}},"29":{"start":{"line":93,"column":8},"end":{"line":95,"column":null}},"30":{"start":{"line":94,"column":12},"end":{"line":94,"column":48}},"31":{"start":{"line":102,"column":8},"end":{"line":105,"column":10}},"32":{"start":{"line":109,"column":8},"end":{"line":115,"column":null}},"33":{"start":{"line":110,"column":33},"end":{"line":110,"column":64}},"34":{"start":{"line":111,"column":12},"end":{"line":114,"column":null}},"35":{"start":{"line":112,"column":16},"end":{"line":112,"column":35}},"36":{"start":{"line":113,"column":16},"end":{"line":113,"column":50}},"37":{"start":{"line":117,"column":8},"end":{"line":126,"column":null}},"38":{"start":{"line":118,"column":33},"end":{"line":118,"column":65}},"39":{"start":{"line":119,"column":12},"end":{"line":125,"column":null}},"40":{"start":{"line":120,"column":16},"end":{"line":120,"column":36}},"41":{"start":{"line":121,"column":16},"end":{"line":123,"column":36}},"42":{"start":{"line":124,"column":16},"end":{"line":124,"column":72}},"43":{"start":{"line":130,"column":38},"end":{"line":130,"column":47}},"44":{"start":{"line":132,"column":8},"end":{"line":136,"column":null}},"45":{"start":{"line":133,"column":12},"end":{"line":133,"column":44}},"46":{"start":{"line":135,"column":12},"end":{"line":135,"column":44}},"47":{"start":{"line":144,"column":8},"end":{"line":151,"column":10}},"48":{"start":{"line":18,"column":19},"end":{"line":18,"column":26}},"49":{"start":{"line":155,"column":13},"end":{"line":155,"column":59}}},"fnMap":{"0":{"name":"(anonymous_0)","decl":{"start":{"line":30,"column":4},"end":{"line":30,"column":null}},"loc":{"start":{"line":30,"column":4},"end":{"line":33,"column":5}}},"1":{"name":"(anonymous_1)","decl":{"start":{"line":35,"column":11},"end":{"line":35,"column":21}},"loc":{"start":{"line":35,"column":21},"end":{"line":37,"column":5}}},"2":{"name":"(anonymous_2)","decl":{"start":{"line":39,"column":11},"end":{"line":39,"column":17}},"loc":{"start":{"line":39,"column":17},"end":{"line":46,"column":5}}},"3":{"name":"(anonymous_3)","decl":{"start":{"line":48,"column":11},"end":{"line":48,"column":21}},"loc":{"start":{"line":48,"column":54},"end":{"line":54,"column":5}}},"4":{"name":"(anonymous_4)","decl":{"start":{"line":56,"column":11},"end":{"line":56,"column":22}},"loc":{"start":{"line":56,"column":55},"end":{"line":62,"column":5}}},"5":{"name":"(anonymous_5)","decl":{"start":{"line":64,"column":11},"end":{"line":64,"column":25}},"loc":{"start":{"line":64,"column":58},"end":{"line":70,"column":5}}},"6":{"name":"(anonymous_6)","decl":{"start":{"line":72,"column":11},"end":{"line":72,"column":26}},"loc":{"start":{"line":72,"column":59},"end":{"line":78,"column":5}}},"7":{"name":"(anonymous_7)","decl":{"start":{"line":80,"column":11},"end":{"line":80,"column":23}},"loc":{"start":{"line":80,"column":39},"end":{"line":87,"column":5}}},"8":{"name":"(anonymous_8)","decl":{"start":{"line":83,"column":18},"end":{"line":83,"column":19}},"loc":{"start":{"line":83,"column":27},"end":{"line":83,"column":40}}},"9":{"name":"(anonymous_9)","decl":{"start":{"line":89,"column":11},"end":{"line":89,"column":24}},"loc":{"start":{"line":89,"column":40},"end":{"line":96,"column":5}}},"10":{"name":"(anonymous_10)","decl":{"start":{"line":92,"column":18},"end":{"line":92,"column":19}},"loc":{"start":{"line":92,"column":27},"end":{"line":92,"column":40}}},"11":{"name":"(anonymous_11)","decl":{"start":{"line":98,"column":11},"end":{"line":98,"column":32}},"loc":{"start":{"line":98,"column":32},"end":{"line":106,"column":5}}},"12":{"name":"(anonymous_12)","decl":{"start":{"line":108,"column":12},"end":{"line":108,"column":23}},"loc":{"start":{"line":108,"column":23},"end":{"line":127,"column":5}}},"13":{"name":"(anonymous_13)","decl":{"start":{"line":129,"column":12},"end":{"line":129,"column":29}},"loc":{"start":{"line":129,"column":66},"end":{"line":137,"column":5}}},"14":{"name":"(anonymous_14)","decl":{"start":{"line":139,"column":12},"end":{"line":139,"column":37}},"loc":{"start":{"line":142,"column":21},"end":{"line":152,"column":5}}}},"branchMap":{"0":{"loc":{"start":{"line":84,"column":8},"end":{"line":86,"column":null}},"type":"if","locations":[{"start":{"line":84,"column":8},"end":{"line":86,"column":null}},{"start":{"line":84,"column":8},"end":{"line":86,"column":null}}]},"1":{"loc":{"start":{"line":93,"column":8},"end":{"line":95,"column":null}},"type":"if","locations":[{"start":{"line":93,"column":8},"end":{"line":95,"column":null}},{"start":{"line":93,"column":8},"end":{"line":95,"column":null}}]},"2":{"loc":{"start":{"line":111,"column":12},"end":{"line":114,"column":null}},"type":"if","locations":[{"start":{"line":111,"column":12},"end":{"line":114,"column":null}},{"start":{"line":111,"column":12},"end":{"line":114,"column":null}}]},"3":{"loc":{"start":{"line":119,"column":12},"end":{"line":125,"column":null}},"type":"if","locations":[{"start":{"line":119,"column":12},"end":{"line":125,"column":null}},{"start":{"line":119,"column":12},"end":{"line":125,"column":null}}]},"4":{"loc":{"start":{"line":122,"column":22},"end":{"line":122,"column":35}},"type":"cond-expr","locations":[{"start":{"line":122,"column":22},"end":{"line":122,"column":35}},{"start":{"line":123,"column":22},"end":{"line":123,"column":35}}]},"5":{"loc":{"start":{"line":132,"column":8},"end":{"line":136,"column":null}},"type":"if","locations":[{"start":{"line":132,"column":8},"end":{"line":136,"column":null}},{"start":{"line":132,"column":8},"end":{"line":136,"column":null}}]},"6":{"loc":{"start":{"line":147,"column":30},"end":{"line":147,"column":43}},"type":"cond-expr","locations":[{"start":{"line":147,"column":30},"end":{"line":147,"column":43}},{"start":{"line":147,"column":46},"end":{"line":147,"column":59}}]},"7":{"loc":{"start":{"line":148,"column":29},"end":{"line":148,"column":42}},"type":"cond-expr","locations":[{"start":{"line":148,"column":29},"end":{"line":148,"column":42}},{"start":{"line":148,"column":45},"end":{"line":148,"column":58}}]}},"s":{"0":1,"1":1,"2":1,"3":1,"4":1,"5":1,"6":0,"7":0,"8":0,"9":0,"10":0,"11":0,"12":0,"13":0,"14":0,"15":0,"16":0,"17":0,"18":0,"19":0,"20":0,"21":0,"22":0,"23":0,"24":0,"25":0,"26":0,"27":0,"28":0,"29":0,"30":0,"31":0,"32":0,"33":0,"34":0,"35":0,"36":0,"37":0,"38":0,"39":0,"40":0,"41":0,"42":0,"43":0,"44":0,"45":0,"46":0,"47":0,"48":1,"49":1},"f":{"0":1,"1":0,"2":0,"3":0,"4":0,"5":0,"6":0,"7":0,"8":0,"9":0,"10":0,"11":0,"12":0,"13":0,"14":0},"b":{"0":[0,0],"1":[0,0],"2":[0,0],"3":[0,0],"4":[0,0],"5":[0,0],"6":[0,0],"7":[0,0]}}
,"/Users/callum/Workplace/Otherworld/site/src/client/ui/components/TextComponent.tsx": {"path":"/Users/callum/Workplace/Otherworld/site/src/client/ui/components/TextComponent.tsx","statementMap":{"0":{"start":{"line":1,"column":0},"end":{"line":1,"column":32}},"1":{"start":{"line":3,"column":0},"end":{"line":3,"column":null}},"2":{"start":{"line":4,"column":4},"end":{"line":4,"column":null}},"3":{"start":{"line":7,"column":0},"end":{"line":7,"column":null}},"4":{"start":{"line":8,"column":4},"end":{"line":8,"column":null}},"5":{"start":{"line":9,"column":4},"end":{"line":9,"column":null}},"6":{"start":{"line":10,"column":4},"end":{"line":10,"column":null}},"7":{"start":{"line":11,"column":4},"end":{"line":11,"column":null}},"8":{"start":{"line":14,"column":0},"end":{"line":14,"column":null}},"9":{"start":{"line":15,"column":4},"end":{"line":15,"column":null}},"10":{"start":{"line":16,"column":4},"end":{"line":16,"column":null}},"11":{"start":{"line":17,"column":4},"end":{"line":17,"column":null}},"12":{"start":{"line":18,"column":4},"end":{"line":18,"column":null}},"13":{"start":{"line":19,"column":4},"end":{"line":19,"column":null}},"14":{"start":{"line":20,"column":4},"end":{"line":20,"column":null}},"15":{"start":{"line":21,"column":4},"end":{"line":21,"column":null}},"16":{"start":{"line":24,"column":0},"end":{"line":24,"column":null}},"17":{"start":{"line":25,"column":4},"end":{"line":25,"column":null}},"18":{"start":{"line":26,"column":4},"end":{"line":26,"column":null}},"19":{"start":{"line":41,"column":19},"end":{"line":41,"column":23}},"20":{"start":{"line":43,"column":26},"end":{"line":54,"column":1}},"21":{"start":{"line":46,"column":4},"end":{"line":52,"column":null}},"22":{"start":{"line":56,"column":74},"end":{"line":95,"column":1}},"23":{"start":{"line":59,"column":18},"end":{"line":59,"column":43}},"24":{"start":{"line":61,"column":28},"end":{"line":61,"column":78}},"25":{"start":{"line":61,"column":56},"end":{"line":61,"column":77}},"26":{"start":{"line":62,"column":23},"end":{"line":66,"column":12}},"27":{"start":{"line":67,"column":20},"end":{"line":71,"column":12}},"28":{"start":{"line":73,"column":23},"end":{"line":73,"column":41}},"29":{"start":{"line":75,"column":4},"end":{"line":94,"column":6}},"30":{"start":{"line":90,"column":27},"end":{"line":90,"column":63}},"31":{"start":{"line":56,"column":13},"end":{"line":56,"column":74}}},"fnMap":{"0":{"name":"(anonymous_0)","decl":{"start":{"line":3,"column":0},"end":{"line":3,"column":12}},"loc":{"start":{"line":3,"column":20},"end":{"line":5,"column":1}}},"1":{"name":"(anonymous_1)","decl":{"start":{"line":7,"column":0},"end":{"line":7,"column":12}},"loc":{"start":{"line":7,"column":20},"end":{"line":12,"column":1}}},"2":{"name":"(anonymous_2)","decl":{"start":{"line":14,"column":0},"end":{"line":14,"column":12}},"loc":{"start":{"line":14,"column":22},"end":{"line":22,"column":1}}},"3":{"name":"(anonymous_3)","decl":{"start":{"line":24,"column":0},"end":{"line":24,"column":12}},"loc":{"start":{"line":24,"column":22},"end":{"line":27,"column":1}}},"4":{"name":"(anonymous_4)","decl":{"start":{"line":43,"column":26},"end":{"line":43,"column":null}},"loc":{"start":{"line":45,"column":24},"end":{"line":54,"column":1}}},"5":{"name":"(anonymous_5)","decl":{"start":{"line":56,"column":74},"end":{"line":56,"column":null}},"loc":{"start":{"line":58,"column":4},"end":{"line":95,"column":1}}},"6":{"name":"(anonymous_6)","decl":{"start":{"line":61,"column":44},"end":{"line":61,"column":45}},"loc":{"start":{"line":61,"column":56},"end":{"line":61,"column":77}}},"7":{"name":"(anonymous_7)","decl":{"start":{"line":90,"column":21},"end":{"line":90,"column":24}},"loc":{"start":{"line":90,"column":27},"end":{"line":90,"column":63}}}},"branchMap":{"0":{"loc":{"start":{"line":3,"column":12},"end":{"line":3,"column":20}},"type":"binary-expr","locations":[{"start":{"line":3,"column":12},"end":{"line":3,"column":20}},{"start":{"line":3,"column":12},"end":{"line":3,"column":null}}]},"1":{"loc":{"start":{"line":7,"column":12},"end":{"line":7,"column":20}},"type":"binary-expr","locations":[{"start":{"line":7,"column":12},"end":{"line":7,"column":20}},{"start":{"line":7,"column":12},"end":{"line":7,"column":null}}]},"2":{"loc":{"start":{"line":14,"column":12},"end":{"line":14,"column":22}},"type":"binary-expr","locations":[{"start":{"line":14,"column":12},"end":{"line":14,"column":22}},{"start":{"line":14,"column":12},"end":{"line":14,"column":null}}]},"3":{"loc":{"start":{"line":24,"column":12},"end":{"line":24,"column":22}},"type":"binary-expr","locations":[{"start":{"line":24,"column":12},"end":{"line":24,"column":22}},{"start":{"line":24,"column":12},"end":{"line":24,"column":null}}]},"4":{"loc":{"start":{"line":63,"column":10},"end":{"line":63,"column":12}},"type":"cond-expr","locations":[{"start":{"line":63,"column":10},"end":{"line":63,"column":12}},{"start":{"line":64,"column":10},"end":{"line":66,"column":12}}]},"5":{"loc":{"start":{"line":68,"column":10},"end":{"line":70,"column":null}},"type":"cond-expr","locations":[{"start":{"line":68,"column":10},"end":{"line":70,"column":null}},{"start":{"line":71,"column":10},"end":{"line":71,"column":12}}]},"6":{"loc":{"start":{"line":73,"column":23},"end":{"line":73,"column":35}},"type":"binary-expr","locations":[{"start":{"line":73,"column":23},"end":{"line":73,"column":35}},{"start":{"line":73,"column":39},"end":{"line":73,"column":41}}]},"7":{"loc":{"start":{"line":90,"column":27},"end":{"line":90,"column":42}},"type":"binary-expr","locations":[{"start":{"line":90,"column":27},"end":{"line":90,"column":42}},{"start":{"line":90,"column":46},"end":{"line":90,"column":63}}]}},"s":{"0":1,"1":1,"2":1,"3":1,"4":1,"5":1,"6":1,"7":1,"8":1,"9":1,"10":1,"11":1,"12":1,"13":1,"14":1,"15":1,"16":1,"17":1,"18":1,"19":1,"20":1,"21":0,"22":1,"23":0,"24":0,"25":0,"26":0,"27":0,"28":0,"29":0,"30":0,"31":1},"f":{"0":1,"1":1,"2":1,"3":1,"4":0,"5":0,"6":0,"7":0},"b":{"0":[1,1],"1":[1,1],"2":[1,1],"3":[1,1],"4":[0,0],"5":[0,0],"6":[0,0],"7":[0,0]}}
,"/Users/callum/Workplace/Otherworld/site/src/client/uisite/NavbarContainer.tsx": {"path":"/Users/callum/Workplace/Otherworld/site/src/client/uisite/NavbarContainer.tsx","statementMap":{"0":{"start":{"line":1,"column":0},"end":{"line":1,"column":32}},"1":{"start":{"line":2,"column":0},"end":{"line":2,"column":null}},"2":{"start":{"line":8,"column":0},"end":{"line":8,"column":38}},"3":{"start":{"line":9,"column":0},"end":{"line":9,"column":62}},"4":{"start":{"line":11,"column":0},"end":{"line":11,"column":null}},"5":{"start":{"line":12,"column":4},"end":{"line":12,"column":null}},"6":{"start":{"line":13,"column":4},"end":{"line":13,"column":null}},"7":{"start":{"line":14,"column":4},"end":{"line":14,"column":null}},"8":{"start":{"line":15,"column":4},"end":{"line":15,"column":null}},"9":{"start":{"line":24,"column":78},"end":{"line":89,"column":1}},"10":{"start":{"line":27,"column":43},"end":{"line":27,"column":48}},"11":{"start":{"line":28,"column":21},"end":{"line":28,"column":44}},"12":{"start":{"line":28,"column":27},"end":{"line":28,"column":44}},"13":{"start":{"line":29,"column":21},"end":{"line":31,"column":5}},"14":{"start":{"line":30,"column":8},"end":{"line":30,"column":27}},"15":{"start":{"line":32,"column":21},"end":{"line":39,"column":5}},"16":{"start":{"line":33,"column":8},"end":{"line":33,"column":25}},"17":{"start":{"line":34,"column":8},"end":{"line":38,"column":null}},"18":{"start":{"line":35,"column":12},"end":{"line":35,"column":23}},"19":{"start":{"line":37,"column":12},"end":{"line":37,"column":23}},"20":{"start":{"line":41,"column":4},"end":{"line":88,"column":6}},"21":{"start":{"line":24,"column":13},"end":{"line":24,"column":78}},"22":{"start":{"line":97,"column":55},"end":{"line":127,"column":1}},"23":{"start":{"line":98,"column":21},"end":{"line":98,"column":60}},"24":{"start":{"line":99,"column":32},"end":{"line":99,"column":49}},"25":{"start":{"line":101,"column":4},"end":{"line":110,"column":19}},"26":{"start":{"line":102,"column":8},"end":{"line":109,"column":null}},"27":{"start":{"line":103,"column":12},"end":{"line":108,"column":25}},"28":{"start":{"line":105,"column":30},"end":{"line":105,"column":35}},"29":{"start":{"line":112,"column":18},"end":{"line":112,"column":52}},"30":{"start":{"line":114,"column":4},"end":{"line":126,"column":6}},"31":{"start":{"line":124,"column":29},"end":{"line":124,"column":57}}},"fnMap":{"0":{"name":"(anonymous_0)","decl":{"start":{"line":11,"column":0},"end":{"line":11,"column":12}},"loc":{"start":{"line":11,"column":19},"end":{"line":16,"column":1}}},"1":{"name":"(anonymous_1)","decl":{"start":{"line":24,"column":78},"end":{"line":24,"column":null}},"loc":{"start":{"line":26,"column":4},"end":{"line":89,"column":1}}},"2":{"name":"(anonymous_2)","decl":{"start":{"line":28,"column":21},"end":{"line":28,"column":24}},"loc":{"start":{"line":28,"column":27},"end":{"line":28,"column":44}}},"3":{"name":"(anonymous_3)","decl":{"start":{"line":29,"column":21},"end":{"line":29,"column":24}},"loc":{"start":{"line":29,"column":26},"end":{"line":31,"column":5}}},"4":{"name":"(anonymous_4)","decl":{"start":{"line":32,"column":21},"end":{"line":32,"column":22}},"loc":{"start":{"line":32,"column":42},"end":{"line":39,"column":5}}},"5":{"name":"(anonymous_5)","decl":{"start":{"line":97,"column":55},"end":{"line":97,"column":56}},"loc":{"start":{"line":97,"column":65},"end":{"line":127,"column":1}}},"6":{"name":"(anonymous_6)","decl":{"start":{"line":101,"column":20},"end":{"line":101,"column":23}},"loc":{"start":{"line":101,"column":25},"end":{"line":110,"column":5}}},"7":{"name":"(anonymous_7)","decl":{"start":{"line":105,"column":23},"end":{"line":105,"column":24}},"loc":{"start":{"line":105,"column":30},"end":{"line":105,"column":35}}},"8":{"name":"(anonymous_8)","decl":{"start":{"line":124,"column":23},"end":{"line":124,"column":26}},"loc":{"start":{"line":124,"column":29},"end":{"line":124,"column":57}}}},"branchMap":{"0":{"loc":{"start":{"line":11,"column":12},"end":{"line":11,"column":19}},"type":"binary-expr","locations":[{"start":{"line":11,"column":12},"end":{"line":11,"column":19}},{"start":{"line":11,"column":12},"end":{"line":11,"column":null}}]},"1":{"loc":{"start":{"line":34,"column":8},"end":{"line":38,"column":null}},"type":"if","locations":[{"start":{"line":34,"column":8},"end":{"line":38,"column":null}},{"start":{"line":34,"column":8},"end":{"line":38,"column":null}}]},"2":{"loc":{"start":{"line":102,"column":8},"end":{"line":109,"column":null}},"type":"if","locations":[{"start":{"line":102,"column":8},"end":{"line":109,"column":null}},{"start":{"line":102,"column":8},"end":{"line":109,"column":null}}]},"3":{"loc":{"start":{"line":119,"column":31},"end":{"line":119,"column":47}},"type":"cond-expr","locations":[{"start":{"line":119,"column":31},"end":{"line":119,"column":47}},{"start":{"line":119,"column":50},"end":{"line":119,"column":71}}]}},"s":{"0":1,"1":1,"2":1,"3":1,"4":1,"5":1,"6":1,"7":1,"8":1,"9":1,"10":0,"11":0,"12":0,"13":0,"14":0,"15":0,"16":0,"17":0,"18":0,"19":0,"20":0,"21":1,"22":1,"23":0,"24":0,"25":0,"26":0,"27":0,"28":0,"29":0,"30":0,"31":0},"f":{"0":1,"1":0,"2":0,"3":0,"4":0,"5":0,"6":0,"7":0,"8":0},"b":{"0":[1,1],"1":[0,0],"2":[0,0],"3":[0,0]}}
,"/Users/callum/Workplace/Otherworld/site/src/client/uisite/PageAbout.tsx": {"path":"/Users/callum/Workplace/Otherworld/site/src/client/uisite/PageAbout.tsx","statementMap":{"0":{"start":{"line":1,"column":0},"end":{"line":1,"column":32}},"1":{"start":{"line":3,"column":0},"end":{"line":3,"column":59}},"2":{"start":{"line":5,"column":50},"end":{"line":11,"column":1}},"3":{"start":{"line":6,"column":4},"end":{"line":10,"column":6}},"4":{"start":{"line":5,"column":13},"end":{"line":5,"column":50}}},"fnMap":{"0":{"name":"(anonymous_0)","decl":{"start":{"line":5,"column":50},"end":{"line":5,"column":51}},"loc":{"start":{"line":5,"column":60},"end":{"line":11,"column":1}}}},"branchMap":{},"s":{"0":1,"1":1,"2":1,"3":0,"4":1},"f":{"0":0},"b":{}}
,"/Users/callum/Workplace/Otherworld/site/src/client/uisite/PageAnnouncements.tsx": {"path":"/Users/callum/Workplace/Otherworld/site/src/client/uisite/PageAnnouncements.tsx","statementMap":{"0":{"start":{"line":1,"column":0},"end":{"line":1,"column":32}},"1":{"start":{"line":3,"column":0},"end":{"line":3,"column":59}},"2":{"start":{"line":5,"column":58},"end":{"line":14,"column":1}},"3":{"start":{"line":6,"column":4},"end":{"line":13,"column":6}},"4":{"start":{"line":5,"column":13},"end":{"line":5,"column":58}}},"fnMap":{"0":{"name":"(anonymous_0)","decl":{"start":{"line":5,"column":58},"end":{"line":5,"column":59}},"loc":{"start":{"line":5,"column":68},"end":{"line":14,"column":1}}}},"branchMap":{},"s":{"0":1,"1":1,"2":1,"3":0,"4":1},"f":{"0":0},"b":{}}
,"/Users/callum/Workplace/Otherworld/site/src/client/uisite/PageDeepDive.tsx": {"path":"/Users/callum/Workplace/Otherworld/site/src/client/uisite/PageDeepDive.tsx","statementMap":{"0":{"start":{"line":1,"column":0},"end":{"line":1,"column":32}},"1":{"start":{"line":3,"column":0},"end":{"line":3,"column":59}},"2":{"start":{"line":4,"column":0},"end":{"line":4,"column":49}},"3":{"start":{"line":6,"column":18},"end":{"line":9,"column":2}},"4":{"start":{"line":11,"column":53},"end":{"line":32,"column":1}},"5":{"start":{"line":12,"column":4},"end":{"line":31,"column":6}},"6":{"start":{"line":11,"column":13},"end":{"line":11,"column":53}},"7":{"start":{"line":34,"column":25},"end":{"line":47,"column":1}},"8":{"start":{"line":35,"column":35},"end":{"line":35,"column":39}},"9":{"start":{"line":36,"column":4},"end":{"line":46,"column":6}},"10":{"start":{"line":40,"column":16},"end":{"line":42,"column":null}}},"fnMap":{"0":{"name":"(anonymous_0)","decl":{"start":{"line":11,"column":53},"end":{"line":11,"column":54}},"loc":{"start":{"line":11,"column":63},"end":{"line":32,"column":1}}},"1":{"name":"(anonymous_1)","decl":{"start":{"line":34,"column":25},"end":{"line":34,"column":26}},"loc":{"start":{"line":34,"column":74},"end":{"line":47,"column":1}}},"2":{"name":"(anonymous_2)","decl":{"start":{"line":39,"column":20},"end":{"line":39,"column":23}},"loc":{"start":{"line":40,"column":16},"end":{"line":42,"column":null}}}},"branchMap":{},"s":{"0":1,"1":1,"2":1,"3":1,"4":1,"5":0,"6":1,"7":1,"8":0,"9":0,"10":0},"f":{"0":0,"1":0,"2":0},"b":{}}
,"/Users/callum/Workplace/Otherworld/site/src/client/uisite/WebContentContainer.tsx": {"path":"/Users/callum/Workplace/Otherworld/site/src/client/uisite/WebContentContainer.tsx","statementMap":{"0":{"start":{"line":1,"column":0},"end":{"line":1,"column":32}},"1":{"start":{"line":3,"column":0},"end":{"line":3,"column":61}},"2":{"start":{"line":4,"column":0},"end":{"line":4,"column":40}},"3":{"start":{"line":6,"column":0},"end":{"line":6,"column":56}},"4":{"start":{"line":7,"column":0},"end":{"line":7,"column":46}},"5":{"start":{"line":14,"column":86},"end":{"line":38,"column":1}},"6":{"start":{"line":17,"column":28},"end":{"line":17,"column":56}},"7":{"start":{"line":18,"column":43},"end":{"line":18,"column":48}},"8":{"start":{"line":20,"column":4},"end":{"line":37,"column":6}},"9":{"start":{"line":14,"column":13},"end":{"line":14,"column":86}},"10":{"start":{"line":40,"column":26},"end":{"line":49,"column":1}},"11":{"start":{"line":41,"column":4},"end":{"line":48,"column":null}},"12":{"start":{"line":43,"column":12},"end":{"line":43,"column":33}},"13":{"start":{"line":45,"column":12},"end":{"line":45,"column":36}},"14":{"start":{"line":47,"column":12},"end":{"line":47,"column":41}}},"fnMap":{"0":{"name":"(anonymous_0)","decl":{"start":{"line":14,"column":86},"end":{"line":14,"column":null}},"loc":{"start":{"line":16,"column":4},"end":{"line":38,"column":1}}},"1":{"name":"(anonymous_1)","decl":{"start":{"line":40,"column":26},"end":{"line":40,"column":27}},"loc":{"start":{"line":40,"column":44},"end":{"line":49,"column":1}}}},"branchMap":{"0":{"loc":{"start":{"line":42,"column":8},"end":{"line":43,"column":33}},"type":"switch","locations":[{"start":{"line":42,"column":8},"end":{"line":43,"column":33}},{"start":{"line":44,"column":8},"end":{"line":45,"column":36}},{"start":{"line":46,"column":8},"end":{"line":47,"column":41}}]}},"s":{"0":1,"1":1,"2":1,"3":1,"4":1,"5":1,"6":1,"7":1,"8":1,"9":1,"10":1,"11":1,"12":0,"13":0,"14":0},"f":{"0":1,"1":1},"b":{"0":[0,0,0]}}
,"/Users/callum/Workplace/Otherworld/site/src/client/uisite/components/AsyncMarkdownRenderers.tsx": {"path":"/Users/callum/Workplace/Otherworld/site/src/client/uisite/components/AsyncMarkdownRenderers.tsx","statementMap":{"0":{"start":{"line":1,"column":0},"end":{"line":1,"column":32}},"1":{"start":{"line":5,"column":38},"end":{"line":8,"column":2}},"2":{"start":{"line":5,"column":45},"end":{"line":8,"column":2}},"3":{"start":{"line":5,"column":13},"end":{"line":5,"column":38}},"4":{"start":{"line":10,"column":39},"end":{"line":12,"column":1}},"5":{"start":{"line":11,"column":4},"end":{"line":11,"column":68}},"6":{"start":{"line":20,"column":8},"end":{"line":22,"column":null}},"7":{"start":{"line":21,"column":12},"end":{"line":21,"column":29}},"8":{"start":{"line":26,"column":8},"end":{"line":30,"column":10}}},"fnMap":{"0":{"name":"(anonymous_0)","decl":{"start":{"line":5,"column":38},"end":{"line":5,"column":41}},"loc":{"start":{"line":5,"column":45},"end":{"line":8,"column":2}}},"1":{"name":"(anonymous_1)","decl":{"start":{"line":10,"column":39},"end":{"line":10,"column":40}},"loc":{"start":{"line":10,"column":49},"end":{"line":12,"column":1}}},"2":{"name":"(anonymous_2)","decl":{"start":{"line":19,"column":4},"end":{"line":19,"column":21}},"loc":{"start":{"line":19,"column":21},"end":{"line":23,"column":5}}},"3":{"name":"(anonymous_3)","decl":{"start":{"line":25,"column":4},"end":{"line":25,"column":10}},"loc":{"start":{"line":25,"column":10},"end":{"line":31,"column":5}}}},"branchMap":{"0":{"loc":{"start":{"line":20,"column":8},"end":{"line":22,"column":null}},"type":"if","locations":[{"start":{"line":20,"column":8},"end":{"line":22,"column":null}},{"start":{"line":20,"column":8},"end":{"line":22,"column":null}}]}},"s":{"0":1,"1":1,"2":0,"3":1,"4":1,"5":0,"6":0,"7":0,"8":0},"f":{"0":0,"1":0,"2":0,"3":0},"b":{"0":[0,0]}}
,"/Users/callum/Workplace/Otherworld/site/src/client/uisite/components/AysncMarkdown.tsx": {"path":"/Users/callum/Workplace/Otherworld/site/src/client/uisite/components/AysncMarkdown.tsx","statementMap":{"0":{"start":{"line":1,"column":0},"end":{"line":1,"column":32}},"1":{"start":{"line":2,"column":0},"end":{"line":2,"column":48}},"2":{"start":{"line":3,"column":0},"end":{"line":3,"column":66}},"3":{"start":{"line":9,"column":74},"end":{"line":30,"column":1}},"4":{"start":{"line":12,"column":32},"end":{"line":12,"column":57}},"5":{"start":{"line":13,"column":4},"end":{"line":22,"column":20}},"6":{"start":{"line":14,"column":8},"end":{"line":21,"column":45}},"7":{"start":{"line":16,"column":16},"end":{"line":16,"column":39}},"8":{"start":{"line":19,"column":16},"end":{"line":19,"column":32}},"9":{"start":{"line":21,"column":26},"end":{"line":21,"column":43}},"10":{"start":{"line":23,"column":4},"end":{"line":29,"column":6}},"11":{"start":{"line":9,"column":13},"end":{"line":9,"column":74}}},"fnMap":{"0":{"name":"(anonymous_0)","decl":{"start":{"line":9,"column":74},"end":{"line":9,"column":null}},"loc":{"start":{"line":11,"column":4},"end":{"line":30,"column":1}}},"1":{"name":"(anonymous_1)","decl":{"start":{"line":13,"column":20},"end":{"line":13,"column":23}},"loc":{"start":{"line":13,"column":25},"end":{"line":22,"column":5}}},"2":{"name":"(anonymous_2)","decl":{"start":{"line":15,"column":18},"end":{"line":15,"column":19}},"loc":{"start":{"line":15,"column":31},"end":{"line":17,"column":13}}},"3":{"name":"(anonymous_3)","decl":{"start":{"line":18,"column":18},"end":{"line":18,"column":19}},"loc":{"start":{"line":18,"column":27},"end":{"line":20,"column":13}}},"4":{"name":"(anonymous_4)","decl":{"start":{"line":21,"column":19},"end":{"line":21,"column":20}},"loc":{"start":{"line":21,"column":26},"end":{"line":21,"column":43}}}},"branchMap":{},"s":{"0":1,"1":1,"2":1,"3":1,"4":0,"5":0,"6":0,"7":0,"8":0,"9":0,"10":0,"11":1},"f":{"0":0,"1":0,"2":0,"3":0,"4":0},"b":{}}
,"/Users/callum/Workplace/Otherworld/site/src/client/uisite/components/Dropdown.tsx": {"path":"/Users/callum/Workplace/Otherworld/site/src/client/uisite/components/Dropdown.tsx","statementMap":{"0":{"start":{"line":1,"column":0},"end":{"line":1,"column":32}},"1":{"start":{"line":2,"column":0},"end":{"line":2,"column":61}},"2":{"start":{"line":9,"column":23},"end":{"line":9,"column":32}},"3":{"start":{"line":10,"column":22},"end":{"line":10,"column":31}},"4":{"start":{"line":12,"column":64},"end":{"line":38,"column":1}},"5":{"start":{"line":13,"column":30},"end":{"line":13,"column":51}},"6":{"start":{"line":14,"column":36},"end":{"line":14,"column":57}},"7":{"start":{"line":15,"column":30},"end":{"line":15,"column":35}},"8":{"start":{"line":16,"column":4},"end":{"line":37,"column":6}},"9":{"start":{"line":29,"column":36},"end":{"line":29,"column":50}},"10":{"start":{"line":30,"column":36},"end":{"line":30,"column":51}},"11":{"start":{"line":31,"column":31},"end":{"line":31,"column":53}},"12":{"start":{"line":12,"column":13},"end":{"line":12,"column":64}},"13":{"start":{"line":40,"column":19},"end":{"line":40,"column":36}},"14":{"start":{"line":40,"column":25},"end":{"line":40,"column":36}},"15":{"start":{"line":41,"column":18},"end":{"line":41,"column":35}},"16":{"start":{"line":41,"column":24},"end":{"line":41,"column":35}}},"fnMap":{"0":{"name":"(anonymous_0)","decl":{"start":{"line":12,"column":64},"end":{"line":12,"column":65}},"loc":{"start":{"line":12,"column":74},"end":{"line":38,"column":1}}},"1":{"name":"(anonymous_1)","decl":{"start":{"line":29,"column":30},"end":{"line":29,"column":33}},"loc":{"start":{"line":29,"column":36},"end":{"line":29,"column":50}}},"2":{"name":"(anonymous_2)","decl":{"start":{"line":30,"column":30},"end":{"line":30,"column":33}},"loc":{"start":{"line":30,"column":36},"end":{"line":30,"column":51}}},"3":{"name":"(anonymous_3)","decl":{"start":{"line":31,"column":25},"end":{"line":31,"column":28}},"loc":{"start":{"line":31,"column":31},"end":{"line":31,"column":53}}},"4":{"name":"(anonymous_4)","decl":{"start":{"line":40,"column":19},"end":{"line":40,"column":22}},"loc":{"start":{"line":40,"column":25},"end":{"line":40,"column":36}}},"5":{"name":"(anonymous_5)","decl":{"start":{"line":41,"column":18},"end":{"line":41,"column":21}},"loc":{"start":{"line":41,"column":24},"end":{"line":41,"column":35}}}},"branchMap":{"0":{"loc":{"start":{"line":22,"column":45},"end":{"line":22,"column":59}},"type":"cond-expr","locations":[{"start":{"line":22,"column":45},"end":{"line":22,"column":59}},{"start":{"line":22,"column":62},"end":{"line":22,"column":75}}]},"1":{"loc":{"start":{"line":33,"column":28},"end":{"line":33,"column":41}},"type":"cond-expr","locations":[{"start":{"line":33,"column":28},"end":{"line":33,"column":41}},{"start":{"line":33,"column":44},"end":{"line":33,"column":58}}]},"2":{"loc":{"start":{"line":35,"column":15},"end":{"line":35,"column":23}},"type":"binary-expr","locations":[{"start":{"line":35,"column":15},"end":{"line":35,"column":23}},{"start":{"line":35,"column":27},"end":{"line":35,"column":35}}]}},"s":{"0":1,"1":1,"2":1,"3":1,"4":1,"5":0,"6":0,"7":0,"8":0,"9":0,"10":0,"11":0,"12":1,"13":1,"14":0,"15":1,"16":0},"f":{"0":0,"1":0,"2":0,"3":0,"4":0,"5":0},"b":{"0":[0,0],"1":[0,0],"2":[0,0]}}
,"/Users/callum/Workplace/Otherworld/site/src/client/util/animation/AnimationIntervalDriver.ts": {"path":"/Users/callum/Workplace/Otherworld/site/src/client/util/animation/AnimationIntervalDriver.ts","statementMap":{"0":{"start":{"line":1,"column":0},"end":{"line":1,"column":72}},"1":{"start":{"line":2,"column":0},"end":{"line":2,"column":55}},"2":{"start":{"line":6,"column":31},"end":{"line":6,"column":48}},"3":{"start":{"line":9,"column":8},"end":{"line":9,"column":30}},"4":{"start":{"line":10,"column":8},"end":{"line":12,"column":75}},"5":{"start":{"line":13,"column":8},"end":{"line":13,"column":20}},"6":{"start":{"line":17,"column":8},"end":{"line":17,"column":30}},"7":{"start":{"line":21,"column":8},"end":{"line":23,"column":null}},"8":{"start":{"line":22,"column":12},"end":{"line":22,"column":60}},"9":{"start":{"line":24,"column":8},"end":{"line":24,"column":36}},"10":{"start":{"line":4,"column":0},"end":{"line":4,"column":13}}},"fnMap":{"0":{"name":"(anonymous_0)","decl":{"start":{"line":6,"column":4},"end":{"line":6,"column":31}},"loc":{"start":{"line":6,"column":48},"end":{"line":6,"column":52}}},"1":{"name":"(anonymous_1)","decl":{"start":{"line":8,"column":11},"end":{"line":8,"column":16}},"loc":{"start":{"line":8,"column":37},"end":{"line":14,"column":5}}},"2":{"name":"(anonymous_2)","decl":{"start":{"line":16,"column":11},"end":{"line":16,"column":18}},"loc":{"start":{"line":16,"column":18},"end":{"line":18,"column":5}}},"3":{"name":"(anonymous_3)","decl":{"start":{"line":20,"column":12},"end":{"line":20,"column":26}},"loc":{"start":{"line":20,"column":26},"end":{"line":25,"column":5}}}},"branchMap":{"0":{"loc":{"start":{"line":11,"column":14},"end":{"line":11,"column":78}},"type":"cond-expr","locations":[{"start":{"line":11,"column":14},"end":{"line":11,"column":78}},{"start":{"line":12,"column":14},"end":{"line":12,"column":74}}]},"1":{"loc":{"start":{"line":21,"column":8},"end":{"line":23,"column":null}},"type":"if","locations":[{"start":{"line":21,"column":8},"end":{"line":23,"column":null}},{"start":{"line":21,"column":8},"end":{"line":23,"column":null}}]}},"s":{"0":1,"1":1,"2":0,"3":0,"4":0,"5":0,"6":0,"7":0,"8":0,"9":0,"10":1},"f":{"0":0,"1":0,"2":0,"3":0},"b":{"0":[0,0],"1":[0,0]}}
,"/Users/callum/Workplace/Otherworld/site/src/client/util/animation/Animations.ts": {"path":"/Users/callum/Workplace/Otherworld/site/src/client/util/animation/Animations.ts","statementMap":{"0":{"start":{"line":1,"column":0},"end":{"line":1,"column":null}},"1":{"start":{"line":5,"column":0},"end":{"line":5,"column":73}},"2":{"start":{"line":7,"column":25},"end":{"line":9,"column":1}},"3":{"start":{"line":8,"column":4},"end":{"line":8,"column":39}},"4":{"start":{"line":7,"column":13},"end":{"line":7,"column":25}},"5":{"start":{"line":11,"column":24},"end":{"line":18,"column":1}},"6":{"start":{"line":14,"column":4},"end":{"line":17,"column":7}},"7":{"start":{"line":11,"column":13},"end":{"line":11,"column":24}},"8":{"start":{"line":20,"column":24},"end":{"line":27,"column":1}},"9":{"start":{"line":23,"column":4},"end":{"line":26,"column":7}},"10":{"start":{"line":20,"column":13},"end":{"line":20,"column":24}},"11":{"start":{"line":31,"column":27},"end":{"line":33,"column":1}},"12":{"start":{"line":31,"column":53},"end":{"line":33,"column":1}},"13":{"start":{"line":32,"column":4},"end":{"line":32,"column":31}},"14":{"start":{"line":31,"column":13},"end":{"line":31,"column":27}},"15":{"start":{"line":35,"column":39},"end":{"line":35,"column":55}},"16":{"start":{"line":35,"column":54},"end":{"line":35,"column":55}},"17":{"start":{"line":35,"column":13},"end":{"line":35,"column":39}},"18":{"start":{"line":37,"column":62},"end":{"line":46,"column":1}},"19":{"start":{"line":40,"column":4},"end":{"line":45,"column":6}},"20":{"start":{"line":41,"column":8},"end":{"line":43,"column":null}},"21":{"start":{"line":42,"column":12},"end":{"line":42,"column":29}},"22":{"start":{"line":44,"column":8},"end":{"line":44,"column":37}},"23":{"start":{"line":37,"column":13},"end":{"line":37,"column":62}},"24":{"start":{"line":49,"column":4},"end":{"line":49,"column":39}},"25":{"start":{"line":48,"column":0},"end":{"line":48,"column":16}},"26":{"start":{"line":54,"column":4},"end":{"line":56,"column":59}},"27":{"start":{"line":53,"column":0},"end":{"line":53,"column":16}}},"fnMap":{"0":{"name":"(anonymous_0)","decl":{"start":{"line":7,"column":25},"end":{"line":7,"column":26}},"loc":{"start":{"line":7,"column":63},"end":{"line":9,"column":1}}},"1":{"name":"(anonymous_1)","decl":{"start":{"line":11,"column":24},"end":{"line":11,"column":null}},"loc":{"start":{"line":13,"column":4},"end":{"line":18,"column":1}}},"2":{"name":"(anonymous_2)","decl":{"start":{"line":20,"column":24},"end":{"line":20,"column":null}},"loc":{"start":{"line":22,"column":4},"end":{"line":27,"column":1}}},"3":{"name":"(anonymous_3)","decl":{"start":{"line":31,"column":27},"end":{"line":31,"column":28}},"loc":{"start":{"line":31,"column":53},"end":{"line":33,"column":1}}},"4":{"name":"(anonymous_4)","decl":{"start":{"line":31,"column":53},"end":{"line":31,"column":54}},"loc":{"start":{"line":31,"column":67},"end":{"line":33,"column":1}}},"5":{"name":"(anonymous_5)","decl":{"start":{"line":35,"column":39},"end":{"line":35,"column":40}},"loc":{"start":{"line":35,"column":54},"end":{"line":35,"column":55}}},"6":{"name":"(anonymous_6)","decl":{"start":{"line":37,"column":62},"end":{"line":37,"column":null}},"loc":{"start":{"line":39,"column":4},"end":{"line":46,"column":1}}},"7":{"name":"(anonymous_7)","decl":{"start":{"line":40,"column":11},"end":{"line":40,"column":12}},"loc":{"start":{"line":40,"column":25},"end":{"line":45,"column":5}}},"8":{"name":"sin","decl":{"start":{"line":48,"column":16},"end":{"line":48,"column":19}},"loc":{"start":{"line":48,"column":29},"end":{"line":50,"column":1}}},"9":{"name":"easeInOutCirc","decl":{"start":{"line":53,"column":16},"end":{"line":53,"column":29}},"loc":{"start":{"line":53,"column":39},"end":{"line":57,"column":1}}}},"branchMap":{"0":{"loc":{"start":{"line":41,"column":8},"end":{"line":43,"column":null}},"type":"if","locations":[{"start":{"line":41,"column":8},"end":{"line":43,"column":null}},{"start":{"line":41,"column":8},"end":{"line":43,"column":null}}]},"1":{"loc":{"start":{"line":55,"column":10},"end":{"line":55,"column":53}},"type":"cond-expr","locations":[{"start":{"line":55,"column":10},"end":{"line":55,"column":53}},{"start":{"line":56,"column":10},"end":{"line":56,"column":58}}]}},"s":{"0":1,"1":1,"2":1,"3":0,"4":1,"5":1,"6":0,"7":1,"8":1,"9":0,"10":1,"11":1,"12":0,"13":0,"14":1,"15":1,"16":0,"17":1,"18":1,"19":0,"20":0,"21":0,"22":0,"23":1,"24":0,"25":1,"26":0,"27":1},"f":{"0":0,"1":0,"2":0,"3":0,"4":0,"5":0,"6":0,"7":0,"8":0,"9":0},"b":{"0":[0,0],"1":[0,0]}}
,"/Users/callum/Workplace/Otherworld/site/src/client/util/animation/CompositeAnimation.ts": {"path":"/Users/callum/Workplace/Otherworld/site/src/client/util/animation/CompositeAnimation.ts","statementMap":{"0":{"start":{"line":1,"column":0},"end":{"line":1,"column":59}},"1":{"start":{"line":4,"column":0},"end":{"line":4,"column":null}},"2":{"start":{"line":5,"column":4},"end":{"line":5,"column":null}},"3":{"start":{"line":6,"column":4},"end":{"line":6,"column":null}},"4":{"start":{"line":22,"column":12},"end":{"line":22,"column":58}},"5":{"start":{"line":25,"column":8},"end":{"line":25,"column":44}},"6":{"start":{"line":26,"column":8},"end":{"line":26,"column":32}},"7":{"start":{"line":30,"column":8},"end":{"line":30,"column":51}},"8":{"start":{"line":31,"column":8},"end":{"line":31,"column":20}},"9":{"start":{"line":35,"column":8},"end":{"line":35,"column":25}},"10":{"start":{"line":36,"column":8},"end":{"line":36,"column":20}},"11":{"start":{"line":40,"column":8},"end":{"line":40,"column":33}},"12":{"start":{"line":41,"column":8},"end":{"line":41,"column":20}},"13":{"start":{"line":45,"column":8},"end":{"line":45,"column":28}},"14":{"start":{"line":46,"column":8},"end":{"line":46,"column":31}},"15":{"start":{"line":47,"column":8},"end":{"line":49,"column":null}},"16":{"start":{"line":48,"column":12},"end":{"line":48,"column":49}},"17":{"start":{"line":48,"column":36},"end":{"line":48,"column":47}},"18":{"start":{"line":50,"column":8},"end":{"line":50,"column":20}},"19":{"start":{"line":54,"column":8},"end":{"line":54,"column":65}},"20":{"start":{"line":54,"column":47},"end":{"line":54,"column":63}},"21":{"start":{"line":55,"column":8},"end":{"line":69,"column":null}},"22":{"start":{"line":57,"column":16},"end":{"line":62,"column":19}},"23":{"start":{"line":58,"column":20},"end":{"line":58,"column":53}},"24":{"start":{"line":59,"column":20},"end":{"line":61,"column":73}},"25":{"start":{"line":61,"column":40},"end":{"line":61,"column":71}},"26":{"start":{"line":63,"column":16},"end":{"line":63,"column":22}},"27":{"start":{"line":65,"column":16},"end":{"line":67,"column":65}},"28":{"start":{"line":67,"column":36},"end":{"line":67,"column":63}},"29":{"start":{"line":68,"column":16},"end":{"line":68,"column":22}},"30":{"start":{"line":73,"column":8},"end":{"line":101,"column":null}},"31":{"start":{"line":75,"column":16},"end":{"line":75,"column":54}},"32":{"start":{"line":76,"column":38},"end":{"line":78,"column":24}},"33":{"start":{"line":77,"column":29},"end":{"line":77,"column":51}},"34":{"start":{"line":79,"column":16},"end":{"line":84,"column":null}},"35":{"start":{"line":80,"column":20},"end":{"line":82,"column":null}},"36":{"start":{"line":81,"column":24},"end":{"line":81,"column":47}},"37":{"start":{"line":83,"column":20},"end":{"line":83,"column":53}},"38":{"start":{"line":85,"column":16},"end":{"line":85,"column":22}},"39":{"start":{"line":88,"column":16},"end":{"line":99,"column":null}},"40":{"start":{"line":89,"column":20},"end":{"line":91,"column":null}},"41":{"start":{"line":90,"column":24},"end":{"line":90,"column":47}},"42":{"start":{"line":92,"column":20},"end":{"line":92,"column":53}},"43":{"start":{"line":94,"column":20},"end":{"line":98,"column":26}},"44":{"start":{"line":97,"column":28},"end":{"line":97,"column":69}},"45":{"start":{"line":100,"column":16},"end":{"line":100,"column":22}},"46":{"start":{"line":105,"column":8},"end":{"line":105,"column":29}},"47":{"start":{"line":106,"column":8},"end":{"line":108,"column":null}},"48":{"start":{"line":107,"column":12},"end":{"line":107,"column":34}},"49":{"start":{"line":112,"column":8},"end":{"line":112,"column":29}},"50":{"start":{"line":113,"column":8},"end":{"line":115,"column":null}},"51":{"start":{"line":114,"column":12},"end":{"line":114,"column":34}},"52":{"start":{"line":119,"column":8},"end":{"line":121,"column":null}},"53":{"start":{"line":120,"column":12},"end":{"line":120,"column":19}},"54":{"start":{"line":123,"column":8},"end":{"line":123,"column":65}},"55":{"start":{"line":123,"column":47},"end":{"line":123,"column":63}},"56":{"start":{"line":127,"column":8},"end":{"line":127,"column":30}},"57":{"start":{"line":14,"column":0},"end":{"line":14,"column":13}}},"fnMap":{"0":{"name":"(anonymous_0)","decl":{"start":{"line":4,"column":0},"end":{"line":4,"column":12}},"loc":{"start":{"line":4,"column":34},"end":{"line":7,"column":1}}},"1":{"name":"(anonymous_1)","decl":{"start":{"line":24,"column":4},"end":{"line":24,"column":23}},"loc":{"start":{"line":24,"column":55},"end":{"line":27,"column":5}}},"2":{"name":"(anonymous_2)","decl":{"start":{"line":29,"column":11},"end":{"line":29,"column":17}},"loc":{"start":{"line":29,"column":35},"end":{"line":32,"column":5}}},"3":{"name":"(anonymous_3)","decl":{"start":{"line":34,"column":11},"end":{"line":34,"column":18}},"loc":{"start":{"line":34,"column":18},"end":{"line":37,"column":5}}},"4":{"name":"(anonymous_4)","decl":{"start":{"line":39,"column":11},"end":{"line":39,"column":19}},"loc":{"start":{"line":39,"column":40},"end":{"line":42,"column":5}}},"5":{"name":"(anonymous_5)","decl":{"start":{"line":44,"column":11},"end":{"line":44,"column":16}},"loc":{"start":{"line":44,"column":16},"end":{"line":51,"column":5}}},"6":{"name":"(anonymous_6)","decl":{"start":{"line":48,"column":30},"end":{"line":48,"column":33}},"loc":{"start":{"line":48,"column":36},"end":{"line":48,"column":47}}},"7":{"name":"(anonymous_7)","decl":{"start":{"line":53,"column":11},"end":{"line":53,"column":26}},"loc":{"start":{"line":53,"column":26},"end":{"line":70,"column":5}}},"8":{"name":"(anonymous_8)","decl":{"start":{"line":54,"column":32},"end":{"line":54,"column":33}},"loc":{"start":{"line":54,"column":47},"end":{"line":54,"column":63}}},"9":{"name":"(anonymous_9)","decl":{"start":{"line":57,"column":40},"end":{"line":57,"column":41}},"loc":{"start":{"line":57,"column":61},"end":{"line":62,"column":17}}},"10":{"name":"(anonymous_10)","decl":{"start":{"line":61,"column":34},"end":{"line":61,"column":37}},"loc":{"start":{"line":61,"column":40},"end":{"line":61,"column":71}}},"11":{"name":"(anonymous_11)","decl":{"start":{"line":67,"column":30},"end":{"line":67,"column":33}},"loc":{"start":{"line":67,"column":36},"end":{"line":67,"column":63}}},"12":{"name":"(anonymous_12)","decl":{"start":{"line":72,"column":11},"end":{"line":72,"column":30}},"loc":{"start":{"line":72,"column":50},"end":{"line":102,"column":5}}},"13":{"name":"(anonymous_13)","decl":{"start":{"line":77,"column":20},"end":{"line":77,"column":21}},"loc":{"start":{"line":77,"column":29},"end":{"line":77,"column":51}}},"14":{"name":"(anonymous_14)","decl":{"start":{"line":96,"column":34},"end":{"line":96,"column":37}},"loc":{"start":{"line":97,"column":28},"end":{"line":97,"column":69}}},"15":{"name":"(anonymous_15)","decl":{"start":{"line":104,"column":11},"end":{"line":104,"column":16}},"loc":{"start":{"line":104,"column":16},"end":{"line":109,"column":5}}},"16":{"name":"(anonymous_16)","decl":{"start":{"line":111,"column":11},"end":{"line":111,"column":15}},"loc":{"start":{"line":111,"column":15},"end":{"line":116,"column":5}}},"17":{"name":"(anonymous_17)","decl":{"start":{"line":118,"column":11},"end":{"line":118,"column":15}},"loc":{"start":{"line":118,"column":15},"end":{"line":124,"column":5}}},"18":{"name":"(anonymous_18)","decl":{"start":{"line":123,"column":32},"end":{"line":123,"column":33}},"loc":{"start":{"line":123,"column":47},"end":{"line":123,"column":63}}},"19":{"name":"(anonymous_19)","decl":{"start":{"line":126,"column":11},"end":{"line":126,"column":20}},"loc":{"start":{"line":126,"column":20},"end":{"line":128,"column":5}}}},"branchMap":{"0":{"loc":{"start":{"line":4,"column":12},"end":{"line":4,"column":34}},"type":"binary-expr","locations":[{"start":{"line":4,"column":12},"end":{"line":4,"column":34}},{"start":{"line":4,"column":12},"end":{"line":4,"column":null}}]},"1":{"loc":{"start":{"line":47,"column":8},"end":{"line":49,"column":null}},"type":"if","locations":[{"start":{"line":47,"column":8},"end":{"line":49,"column":null}},{"start":{"line":47,"column":8},"end":{"line":49,"column":null}}]},"2":{"loc":{"start":{"line":56,"column":12},"end":{"line":63,"column":22}},"type":"switch","locations":[{"start":{"line":56,"column":12},"end":{"line":63,"column":22}},{"start":{"line":64,"column":12},"end":{"line":68,"column":22}}]},"3":{"loc":{"start":{"line":74,"column":12},"end":{"line":85,"column":22}},"type":"switch","locations":[{"start":{"line":74,"column":12},"end":{"line":85,"column":22}},{"start":{"line":87,"column":12},"end":{"line":100,"column":22}}]},"4":{"loc":{"start":{"line":79,"column":16},"end":{"line":84,"column":null}},"type":"if","locations":[{"start":{"line":79,"column":16},"end":{"line":84,"column":null}},{"start":{"line":79,"column":16},"end":{"line":84,"column":null}}]},"5":{"loc":{"start":{"line":80,"column":20},"end":{"line":82,"column":null}},"type":"if","locations":[{"start":{"line":80,"column":20},"end":{"line":82,"column":null}},{"start":{"line":80,"column":20},"end":{"line":82,"column":null}}]},"6":{"loc":{"start":{"line":83,"column":20},"end":{"line":83,"column":33}},"type":"binary-expr","locations":[{"start":{"line":83,"column":20},"end":{"line":83,"column":33}},{"start":{"line":83,"column":37},"end":{"line":83,"column":52}}]},"7":{"loc":{"start":{"line":88,"column":16},"end":{"line":99,"column":null}},"type":"if","locations":[{"start":{"line":88,"column":16},"end":{"line":99,"column":null}},{"start":{"line":88,"column":16},"end":{"line":99,"column":null}}]},"8":{"loc":{"start":{"line":89,"column":20},"end":{"line":91,"column":null}},"type":"if","locations":[{"start":{"line":89,"column":20},"end":{"line":91,"column":null}},{"start":{"line":89,"column":20},"end":{"line":91,"column":null}}]},"9":{"loc":{"start":{"line":92,"column":20},"end":{"line":92,"column":33}},"type":"binary-expr","locations":[{"start":{"line":92,"column":20},"end":{"line":92,"column":33}},{"start":{"line":92,"column":37},"end":{"line":92,"column":52}}]},"10":{"loc":{"start":{"line":106,"column":8},"end":{"line":108,"column":null}},"type":"if","locations":[{"start":{"line":106,"column":8},"end":{"line":108,"column":null}},{"start":{"line":106,"column":8},"end":{"line":108,"column":null}}]},"11":{"loc":{"start":{"line":113,"column":8},"end":{"line":115,"column":null}},"type":"if","locations":[{"start":{"line":113,"column":8},"end":{"line":115,"column":null}},{"start":{"line":113,"column":8},"end":{"line":115,"column":null}}]},"12":{"loc":{"start":{"line":119,"column":8},"end":{"line":121,"column":null}},"type":"if","locations":[{"start":{"line":119,"column":8},"end":{"line":121,"column":null}},{"start":{"line":119,"column":8},"end":{"line":121,"column":null}}]}},"s":{"0":1,"1":1,"2":1,"3":1,"4":0,"5":0,"6":0,"7":0,"8":0,"9":0,"10":0,"11":0,"12":0,"13":0,"14":0,"15":0,"16":0,"17":0,"18":0,"19":0,"20":0,"21":0,"22":0,"23":0,"24":0,"25":0,"26":0,"27":0,"28":0,"29":0,"30":0,"31":0,"32":0,"33":0,"34":0,"35":0,"36":0,"37":0,"38":0,"39":0,"40":0,"41":0,"42":0,"43":0,"44":0,"45":0,"46":0,"47":0,"48":0,"49":0,"50":0,"51":0,"52":0,"53":0,"54":0,"55":0,"56":0,"57":1},"f":{"0":1,"1":0,"2":0,"3":0,"4":0,"5":0,"6":0,"7":0,"8":0,"9":0,"10":0,"11":0,"12":0,"13":0,"14":0,"15":0,"16":0,"17":0,"18":0,"19":0},"b":{"0":[1,1],"1":[0,0],"2":[0,0],"3":[0,0],"4":[0,0],"5":[0,0],"6":[0,0],"7":[0,0],"8":[0,0],"9":[0,0],"10":[0,0],"11":[0,0],"12":[0,0]}}
,"/Users/callum/Workplace/Otherworld/site/src/client/util/animation/GameAnimation.ts": {"path":"/Users/callum/Workplace/Otherworld/site/src/client/util/animation/GameAnimation.ts","statementMap":{"0":{"start":{"line":1,"column":0},"end":{"line":1,"column":42}},"1":{"start":{"line":2,"column":0},"end":{"line":2,"column":59}},"2":{"start":{"line":13,"column":13},"end":{"line":13,"column":66}},"3":{"start":{"line":24,"column":31},"end":{"line":24,"column":64}},"4":{"start":{"line":16,"column":12},"end":{"line":16,"column":45}},"5":{"start":{"line":17,"column":12},"end":{"line":17,"column":34}},"6":{"start":{"line":18,"column":12},"end":{"line":18,"column":40}},"7":{"start":{"line":19,"column":12},"end":{"line":19,"column":26}},"8":{"start":{"line":21,"column":12},"end":{"line":21,"column":37}},"9":{"start":{"line":113,"column":12},"end":{"line":113,"column":45}},"10":{"start":{"line":113,"column":43},"end":{"line":113,"column":44}},"11":{"start":{"line":25,"column":8},"end":{"line":25,"column":20}},"12":{"start":{"line":29,"column":8},"end":{"line":29,"column":51}},"13":{"start":{"line":30,"column":8},"end":{"line":30,"column":20}},"14":{"start":{"line":34,"column":8},"end":{"line":34,"column":68}},"15":{"start":{"line":35,"column":8},"end":{"line":35,"column":20}},"16":{"start":{"line":39,"column":33},"end":{"line":39,"column":51}},"17":{"start":{"line":40,"column":8},"end":{"line":40,"column":71}},"18":{"start":{"line":40,"column":44},"end":{"line":40,"column":70}},"19":{"start":{"line":41,"column":8},"end":{"line":41,"column":20}},"20":{"start":{"line":45,"column":8},"end":{"line":45,"column":25}},"21":{"start":{"line":46,"column":8},"end":{"line":46,"column":20}},"22":{"start":{"line":50,"column":8},"end":{"line":50,"column":33}},"23":{"start":{"line":51,"column":8},"end":{"line":51,"column":20}},"24":{"start":{"line":55,"column":8},"end":{"line":55,"column":38}},"25":{"start":{"line":56,"column":8},"end":{"line":56,"column":20}},"26":{"start":{"line":60,"column":8},"end":{"line":60,"column":28}},"27":{"start":{"line":61,"column":8},"end":{"line":63,"column":null}},"28":{"start":{"line":62,"column":12},"end":{"line":62,"column":49}},"29":{"start":{"line":62,"column":36},"end":{"line":62,"column":47}},"30":{"start":{"line":64,"column":8},"end":{"line":64,"column":20}},"31":{"start":{"line":68,"column":8},"end":{"line":68,"column":29}},"32":{"start":{"line":69,"column":8},"end":{"line":71,"column":null}},"33":{"start":{"line":70,"column":12},"end":{"line":70,"column":34}},"34":{"start":{"line":75,"column":8},"end":{"line":75,"column":29}},"35":{"start":{"line":76,"column":8},"end":{"line":76,"column":33}},"36":{"start":{"line":77,"column":8},"end":{"line":79,"column":null}},"37":{"start":{"line":78,"column":12},"end":{"line":78,"column":34}},"38":{"start":{"line":83,"column":8},"end":{"line":85,"column":null}},"39":{"start":{"line":84,"column":12},"end":{"line":84,"column":19}},"40":{"start":{"line":86,"column":8},"end":{"line":99,"column":null}},"41":{"start":{"line":87,"column":12},"end":{"line":87,"column":49}},"42":{"start":{"line":88,"column":12},"end":{"line":92,"column":null}},"43":{"start":{"line":89,"column":16},"end":{"line":89,"column":41}},"44":{"start":{"line":91,"column":16},"end":{"line":91,"column":28}},"45":{"start":{"line":93,"column":12},"end":{"line":93,"column":29}},"46":{"start":{"line":94,"column":12},"end":{"line":94,"column":45}},"47":{"start":{"line":96,"column":12},"end":{"line":96,"column":68}},"48":{"start":{"line":97,"column":30},"end":{"line":97,"column":75}},"49":{"start":{"line":98,"column":12},"end":{"line":98,"column":46}},"50":{"start":{"line":103,"column":8},"end":{"line":103,"column":36}},"51":{"start":{"line":107,"column":8},"end":{"line":107,"column":30}},"52":{"start":{"line":111,"column":8},"end":{"line":111,"column":30}},"53":{"start":{"line":15,"column":0},"end":{"line":15,"column":13}}},"fnMap":{"0":{"name":"(anonymous_0)","decl":{"start":{"line":24,"column":4},"end":{"line":24,"column":31}},"loc":{"start":{"line":24,"column":64},"end":{"line":26,"column":5}}},"1":{"name":"(anonymous_1)","decl":{"start":{"line":113,"column":28},"end":{"line":113,"column":29}},"loc":{"start":{"line":113,"column":43},"end":{"line":113,"column":44}}},"2":{"name":"(anonymous_2)","decl":{"start":{"line":28,"column":11},"end":{"line":28,"column":17}},"loc":{"start":{"line":28,"column":35},"end":{"line":31,"column":5}}},"3":{"name":"(anonymous_3)","decl":{"start":{"line":33,"column":11},"end":{"line":33,"column":16}},"loc":{"start":{"line":33,"column":38},"end":{"line":36,"column":5}}},"4":{"name":"(anonymous_4)","decl":{"start":{"line":38,"column":11},"end":{"line":38,"column":16}},"loc":{"start":{"line":38,"column":37},"end":{"line":42,"column":5}}},"5":{"name":"(anonymous_5)","decl":{"start":{"line":40,"column":29},"end":{"line":40,"column":30}},"loc":{"start":{"line":40,"column":44},"end":{"line":40,"column":70}}},"6":{"name":"(anonymous_6)","decl":{"start":{"line":44,"column":11},"end":{"line":44,"column":18}},"loc":{"start":{"line":44,"column":18},"end":{"line":47,"column":5}}},"7":{"name":"(anonymous_7)","decl":{"start":{"line":49,"column":11},"end":{"line":49,"column":19}},"loc":{"start":{"line":49,"column":40},"end":{"line":52,"column":5}}},"8":{"name":"(anonymous_8)","decl":{"start":{"line":54,"column":11},"end":{"line":54,"column":21}},"loc":{"start":{"line":54,"column":36},"end":{"line":57,"column":5}}},"9":{"name":"(anonymous_9)","decl":{"start":{"line":59,"column":11},"end":{"line":59,"column":16}},"loc":{"start":{"line":59,"column":16},"end":{"line":65,"column":5}}},"10":{"name":"(anonymous_10)","decl":{"start":{"line":62,"column":30},"end":{"line":62,"column":33}},"loc":{"start":{"line":62,"column":36},"end":{"line":62,"column":47}}},"11":{"name":"(anonymous_11)","decl":{"start":{"line":67,"column":11},"end":{"line":67,"column":16}},"loc":{"start":{"line":67,"column":16},"end":{"line":72,"column":5}}},"12":{"name":"(anonymous_12)","decl":{"start":{"line":74,"column":11},"end":{"line":74,"column":15}},"loc":{"start":{"line":74,"column":15},"end":{"line":80,"column":5}}},"13":{"name":"(anonymous_13)","decl":{"start":{"line":82,"column":11},"end":{"line":82,"column":15}},"loc":{"start":{"line":82,"column":15},"end":{"line":100,"column":5}}},"14":{"name":"(anonymous_14)","decl":{"start":{"line":102,"column":11},"end":{"line":102,"column":29}},"loc":{"start":{"line":102,"column":29},"end":{"line":104,"column":5}}},"15":{"name":"(anonymous_15)","decl":{"start":{"line":106,"column":11},"end":{"line":106,"column":23}},"loc":{"start":{"line":106,"column":23},"end":{"line":108,"column":5}}},"16":{"name":"(anonymous_16)","decl":{"start":{"line":110,"column":11},"end":{"line":110,"column":20}},"loc":{"start":{"line":110,"column":20},"end":{"line":112,"column":5}}}},"branchMap":{"0":{"loc":{"start":{"line":34,"column":48},"end":{"line":34,"column":60}},"type":"cond-expr","locations":[{"start":{"line":34,"column":48},"end":{"line":34,"column":60}},{"start":{"line":34,"column":63},"end":{"line":34,"column":67}}]},"1":{"loc":{"start":{"line":61,"column":8},"end":{"line":63,"column":null}},"type":"if","locations":[{"start":{"line":61,"column":8},"end":{"line":63,"column":null}},{"start":{"line":61,"column":8},"end":{"line":63,"column":null}}]},"2":{"loc":{"start":{"line":69,"column":8},"end":{"line":71,"column":null}},"type":"if","locations":[{"start":{"line":69,"column":8},"end":{"line":71,"column":null}},{"start":{"line":69,"column":8},"end":{"line":71,"column":null}}]},"3":{"loc":{"start":{"line":77,"column":8},"end":{"line":79,"column":null}},"type":"if","locations":[{"start":{"line":77,"column":8},"end":{"line":79,"column":null}},{"start":{"line":77,"column":8},"end":{"line":79,"column":null}}]},"4":{"loc":{"start":{"line":83,"column":8},"end":{"line":85,"column":null}},"type":"if","locations":[{"start":{"line":83,"column":8},"end":{"line":85,"column":null}},{"start":{"line":83,"column":8},"end":{"line":85,"column":null}}]},"5":{"loc":{"start":{"line":86,"column":8},"end":{"line":99,"column":null}},"type":"if","locations":[{"start":{"line":86,"column":8},"end":{"line":99,"column":null}},{"start":{"line":86,"column":8},"end":{"line":99,"column":null}}]},"6":{"loc":{"start":{"line":88,"column":12},"end":{"line":92,"column":null}},"type":"if","locations":[{"start":{"line":88,"column":12},"end":{"line":92,"column":null}},{"start":{"line":88,"column":12},"end":{"line":92,"column":null}}]},"7":{"loc":{"start":{"line":94,"column":12},"end":{"line":94,"column":25}},"type":"binary-expr","locations":[{"start":{"line":94,"column":12},"end":{"line":94,"column":25}},{"start":{"line":94,"column":29},"end":{"line":94,"column":44}}]}},"s":{"0":1,"1":1,"2":1,"3":0,"4":0,"5":0,"6":0,"7":0,"8":0,"9":0,"10":0,"11":0,"12":0,"13":0,"14":0,"15":0,"16":0,"17":0,"18":0,"19":0,"20":0,"21":0,"22":0,"23":0,"24":0,"25":0,"26":0,"27":0,"28":0,"29":0,"30":0,"31":0,"32":0,"33":0,"34":0,"35":0,"36":0,"37":0,"38":0,"39":0,"40":0,"41":0,"42":0,"43":0,"44":0,"45":0,"46":0,"47":0,"48":0,"49":0,"50":0,"51":0,"52":0,"53":1},"f":{"0":0,"1":0,"2":0,"3":0,"4":0,"5":0,"6":0,"7":0,"8":0,"9":0,"10":0,"11":0,"12":0,"13":0,"14":0,"15":0,"16":0},"b":{"0":[0,0],"1":[0,0],"2":[0,0],"3":[0,0],"4":[0,0],"5":[0,0],"6":[0,0],"7":[0,0]}}
,"/Users/callum/Workplace/Otherworld/site/src/client/util/array/ConsistentArray.ts": {"path":"/Users/callum/Workplace/Otherworld/site/src/client/util/array/ConsistentArray.ts","statementMap":{"0":{"start":{"line":7,"column":8},"end":{"line":7,"column":24}},"1":{"start":{"line":8,"column":8},"end":{"line":8,"column":24}},"2":{"start":{"line":9,"column":8},"end":{"line":9,"column":27}},"3":{"start":{"line":13,"column":8},"end":{"line":13,"column":26}},"4":{"start":{"line":17,"column":8},"end":{"line":17,"column":26}},"5":{"start":{"line":21,"column":8},"end":{"line":21,"column":29}},"6":{"start":{"line":25,"column":8},"end":{"line":25,"column":33}},"7":{"start":{"line":29,"column":8},"end":{"line":29,"column":36}},"8":{"start":{"line":33,"column":8},"end":{"line":33,"column":39}},"9":{"start":{"line":34,"column":8},"end":{"line":40,"column":11}},"10":{"start":{"line":35,"column":26},"end":{"line":35,"column":53}},"11":{"start":{"line":36,"column":12},"end":{"line":38,"column":null}},"12":{"start":{"line":37,"column":16},"end":{"line":37,"column":23}},"13":{"start":{"line":39,"column":12},"end":{"line":39,"column":40}},"14":{"start":{"line":41,"column":8},"end":{"line":41,"column":24}},"15":{"start":{"line":42,"column":8},"end":{"line":42,"column":27}},"16":{"start":{"line":1,"column":0},"end":{"line":1,"column":13}}},"fnMap":{"0":{"name":"(anonymous_0)","decl":{"start":{"line":6,"column":4},"end":{"line":6,"column":null}},"loc":{"start":{"line":6,"column":4},"end":{"line":10,"column":5}}},"1":{"name":"(anonymous_1)","decl":{"start":{"line":12,"column":11},"end":{"line":12,"column":19}},"loc":{"start":{"line":12,"column":19},"end":{"line":14,"column":5}}},"2":{"name":"(anonymous_2)","decl":{"start":{"line":16,"column":11},"end":{"line":16,"column":19}},"loc":{"start":{"line":16,"column":19},"end":{"line":18,"column":5}}},"3":{"name":"(anonymous_3)","decl":{"start":{"line":20,"column":11},"end":{"line":20,"column":22}},"loc":{"start":{"line":20,"column":22},"end":{"line":22,"column":5}}},"4":{"name":"(anonymous_4)","decl":{"start":{"line":24,"column":11},"end":{"line":24,"column":14}},"loc":{"start":{"line":24,"column":25},"end":{"line":26,"column":5}}},"5":{"name":"(anonymous_5)","decl":{"start":{"line":28,"column":11},"end":{"line":28,"column":17}},"loc":{"start":{"line":28,"column":28},"end":{"line":30,"column":5}}},"6":{"name":"(anonymous_6)","decl":{"start":{"line":32,"column":11},"end":{"line":32,"column":15}},"loc":{"start":{"line":32,"column":15},"end":{"line":43,"column":5}}},"7":{"name":"(anonymous_7)","decl":{"start":{"line":34,"column":30},"end":{"line":34,"column":31}},"loc":{"start":{"line":34,"column":45},"end":{"line":40,"column":9}}}},"branchMap":{"0":{"loc":{"start":{"line":36,"column":12},"end":{"line":38,"column":null}},"type":"if","locations":[{"start":{"line":36,"column":12},"end":{"line":38,"column":null}},{"start":{"line":36,"column":12},"end":{"line":38,"column":null}}]}},"s":{"0":2,"1":2,"2":2,"3":0,"4":0,"5":0,"6":0,"7":0,"8":0,"9":0,"10":0,"11":0,"12":0,"13":0,"14":0,"15":0,"16":1},"f":{"0":2,"1":0,"2":0,"3":0,"4":0,"5":0,"6":0,"7":0},"b":{"0":[0,0]}}
,"/Users/callum/Workplace/Otherworld/site/src/client/util/math/Basic.ts": {"path":"/Users/callum/Workplace/Otherworld/site/src/client/util/math/Basic.ts","statementMap":{"0":{"start":{"line":4,"column":4},"end":{"line":4,"column":31}},"1":{"start":{"line":3,"column":0},"end":{"line":3,"column":16}},"2":{"start":{"line":8,"column":17},"end":{"line":8,"column":26}},"3":{"start":{"line":9,"column":4},"end":{"line":9,"column":35}},"4":{"start":{"line":7,"column":0},"end":{"line":7,"column":16}},"5":{"start":{"line":17,"column":17},"end":{"line":17,"column":18}},"6":{"start":{"line":18,"column":4},"end":{"line":18,"column":55}},"7":{"start":{"line":19,"column":4},"end":{"line":19,"column":55}},"8":{"start":{"line":20,"column":4},"end":{"line":20,"column":18}},"9":{"start":{"line":12,"column":0},"end":{"line":12,"column":16}},"10":{"start":{"line":24,"column":4},"end":{"line":24,"column":37}},"11":{"start":{"line":23,"column":0},"end":{"line":23,"column":16}},"12":{"start":{"line":32,"column":4},"end":{"line":32,"column":48}},"13":{"start":{"line":27,"column":0},"end":{"line":27,"column":16}},"14":{"start":{"line":40,"column":4},"end":{"line":40,"column":67}},"15":{"start":{"line":35,"column":0},"end":{"line":35,"column":16}},"16":{"start":{"line":56,"column":4},"end":{"line":61,"column":6}},"17":{"start":{"line":43,"column":0},"end":{"line":43,"column":16}},"18":{"start":{"line":65,"column":24},"end":{"line":65,"column":67}},"19":{"start":{"line":66,"column":4},"end":{"line":66,"column":33}},"20":{"start":{"line":64,"column":0},"end":{"line":64,"column":16}},"21":{"start":{"line":70,"column":4},"end":{"line":70,"column":29}},"22":{"start":{"line":69,"column":0},"end":{"line":69,"column":16}},"23":{"start":{"line":74,"column":4},"end":{"line":77,"column":6}},"24":{"start":{"line":73,"column":0},"end":{"line":73,"column":16}}},"fnMap":{"0":{"name":"interpolate","decl":{"start":{"line":3,"column":16},"end":{"line":3,"column":27}},"loc":{"start":{"line":3,"column":63},"end":{"line":5,"column":1}}},"1":{"name":"convert_unit","decl":{"start":{"line":7,"column":16},"end":{"line":7,"column":28}},"loc":{"start":{"line":7,"column":75},"end":{"line":10,"column":1}}},"2":{"name":"clipToRange","decl":{"start":{"line":12,"column":16},"end":{"line":12,"column":27}},"loc":{"start":{"line":15,"column":22},"end":{"line":21,"column":1}}},"3":{"name":"toRadians","decl":{"start":{"line":23,"column":16},"end":{"line":23,"column":25}},"loc":{"start":{"line":23,"column":39},"end":{"line":25,"column":1}}},"4":{"name":"getGradientIncrementor","decl":{"start":{"line":27,"column":16},"end":{"line":27,"column":38}},"loc":{"start":{"line":30,"column":20},"end":{"line":33,"column":1}}},"5":{"name":"getGradientOffset","decl":{"start":{"line":35,"column":16},"end":{"line":35,"column":33}},"loc":{"start":{"line":38,"column":31},"end":{"line":41,"column":1}}},"6":{"name":"getTextureCoordinate","decl":{"start":{"line":43,"column":16},"end":{"line":43,"column":36}},"loc":{"start":{"line":49,"column":18},"end":{"line":62,"column":1}}},"7":{"name":"randomSelection","decl":{"start":{"line":64,"column":16},"end":{"line":64,"column":31}},"loc":{"start":{"line":64,"column":48},"end":{"line":67,"column":1}}},"8":{"name":"toGameAngle","decl":{"start":{"line":69,"column":16},"end":{"line":69,"column":27}},"loc":{"start":{"line":69,"column":48},"end":{"line":71,"column":1}}},"9":{"name":"toGameVector","decl":{"start":{"line":73,"column":16},"end":{"line":73,"column":28}},"loc":{"start":{"line":73,"column":42},"end":{"line":78,"column":1}}}},"branchMap":{"0":{"loc":{"start":{"line":18,"column":35},"end":{"line":18,"column":45}},"type":"cond-expr","locations":[{"start":{"line":18,"column":35},"end":{"line":18,"column":45}},{"start":{"line":18,"column":48},"end":{"line":18,"column":54}}]},"1":{"loc":{"start":{"line":19,"column":35},"end":{"line":19,"column":45}},"type":"cond-expr","locations":[{"start":{"line":19,"column":35},"end":{"line":19,"column":45}},{"start":{"line":19,"column":48},"end":{"line":19,"column":54}}]}},"s":{"0":0,"1":1,"2":0,"3":0,"4":1,"5":0,"6":0,"7":0,"8":0,"9":1,"10":0,"11":1,"12":0,"13":1,"14":0,"15":1,"16":0,"17":1,"18":0,"19":0,"20":1,"21":4,"22":1,"23":0,"24":1},"f":{"0":0,"1":0,"2":0,"3":0,"4":0,"5":0,"6":0,"7":0,"8":4,"9":0},"b":{"0":[0,0],"1":[0,0]}}
,"/Users/callum/Workplace/Otherworld/site/src/client/util/math/UI.ts": {"path":"/Users/callum/Workplace/Otherworld/site/src/client/util/math/UI.ts","statementMap":{"0":{"start":{"line":9,"column":24},"end":{"line":9,"column":59}},"1":{"start":{"line":10,"column":25},"end":{"line":10,"column":61}},"2":{"start":{"line":11,"column":23},"end":{"line":11,"column":54}},"3":{"start":{"line":12,"column":23},"end":{"line":12,"column":54}},"4":{"start":{"line":14,"column":29},"end":{"line":14,"column":52}},"5":{"start":{"line":15,"column":30},"end":{"line":15,"column":54}},"6":{"start":{"line":17,"column":24},"end":{"line":17,"column":46}},"7":{"start":{"line":18,"column":25},"end":{"line":18,"column":49}},"8":{"start":{"line":20,"column":28},"end":{"line":20,"column":69}},"9":{"start":{"line":21,"column":29},"end":{"line":21,"column":72}},"10":{"start":{"line":23,"column":32},"end":{"line":23,"column":67}},"11":{"start":{"line":24,"column":32},"end":{"line":24,"column":68}},"12":{"start":{"line":26,"column":4},"end":{"line":31,"column":6}},"13":{"start":{"line":4,"column":0},"end":{"line":4,"column":16}},"14":{"start":{"line":35,"column":4},"end":{"line":35,"column":74}},"15":{"start":{"line":34,"column":0},"end":{"line":34,"column":16}},"16":{"start":{"line":39,"column":18},"end":{"line":39,"column":31}},"17":{"start":{"line":40,"column":18},"end":{"line":40,"column":24}},"18":{"start":{"line":42,"column":4},"end":{"line":42,"column":62}},"19":{"start":{"line":38,"column":0},"end":{"line":38,"column":16}},"20":{"start":{"line":46,"column":4},"end":{"line":48,"column":null}},"21":{"start":{"line":47,"column":8},"end":{"line":47,"column":17}},"22":{"start":{"line":49,"column":4},"end":{"line":62,"column":null}},"23":{"start":{"line":51,"column":12},"end":{"line":51,"column":23}},"24":{"start":{"line":53,"column":12},"end":{"line":53,"column":23}},"25":{"start":{"line":55,"column":12},"end":{"line":55,"column":23}},"26":{"start":{"line":57,"column":12},"end":{"line":57,"column":23}},"27":{"start":{"line":59,"column":12},"end":{"line":59,"column":23}},"28":{"start":{"line":61,"column":12},"end":{"line":61,"column":23}},"29":{"start":{"line":64,"column":4},"end":{"line":64,"column":15}},"30":{"start":{"line":45,"column":0},"end":{"line":45,"column":16}}},"fnMap":{"0":{"name":"getImagePropsFromSprite","decl":{"start":{"line":4,"column":16},"end":{"line":4,"column":39}},"loc":{"start":{"line":7,"column":21},"end":{"line":32,"column":1}}},"1":{"name":"getHexFromRGB","decl":{"start":{"line":34,"column":16},"end":{"line":34,"column":29}},"loc":{"start":{"line":34,"column":61},"end":{"line":36,"column":1}}},"2":{"name":"getHexFromByte","decl":{"start":{"line":38,"column":16},"end":{"line":38,"column":30}},"loc":{"start":{"line":38,"column":40},"end":{"line":43,"column":1}}},"3":{"name":"getHexFrom4Bit","decl":{"start":{"line":45,"column":16},"end":{"line":45,"column":30}},"loc":{"start":{"line":45,"column":40},"end":{"line":65,"column":1}}}},"branchMap":{"0":{"loc":{"start":{"line":46,"column":4},"end":{"line":48,"column":null}},"type":"if","locations":[{"start":{"line":46,"column":4},"end":{"line":48,"column":null}},{"start":{"line":46,"column":4},"end":{"line":48,"column":null}}]},"1":{"loc":{"start":{"line":50,"column":8},"end":{"line":51,"column":23}},"type":"switch","locations":[{"start":{"line":50,"column":8},"end":{"line":51,"column":23}},{"start":{"line":52,"column":8},"end":{"line":53,"column":23}},{"start":{"line":54,"column":8},"end":{"line":55,"column":23}},{"start":{"line":56,"column":8},"end":{"line":57,"column":23}},{"start":{"line":58,"column":8},"end":{"line":59,"column":23}},{"start":{"line":60,"column":8},"end":{"line":61,"column":23}}]}},"s":{"0":0,"1":0,"2":0,"3":0,"4":0,"5":0,"6":0,"7":0,"8":0,"9":0,"10":0,"11":0,"12":0,"13":1,"14":3,"15":1,"16":9,"17":9,"18":9,"19":1,"20":18,"21":12,"22":6,"23":0,"24":0,"25":0,"26":0,"27":0,"28":6,"29":0,"30":1},"f":{"0":0,"1":3,"2":9,"3":18},"b":{"0":[12,6],"1":[0,0,0,0,0,6]}}
}
