TN:
SF:/Users/callum/Workplace/Otherworld/site/src/client/Config.ts
FN:25,(anonymous_0)
FNF:1
FNH:0
FNDA:0,(anonymous_0)
DA:1,1
DA:2,1
DA:3,1
DA:4,1
DA:6,1
DA:7,1
DA:8,1
DA:9,1
DA:10,1
DA:12,1
DA:13,1
DA:14,1
DA:15,1
DA:17,1
DA:18,1
DA:20,1
DA:21,1
DA:23,1
DA:25,1
LF:19
LH:19
BRF:0
BRH:0
end_of_record
TN:
SF:/Users/callum/Workplace/Otherworld/site/src/client/engine/scripting/items/helper.ts
FN:1,joinAND
FN:4,(anonymous_1)
FN:5,(anonymous_2)
FN:8,joinOR
FN:11,(anonymous_4)
FN:12,(anonymous_5)
FN:15,joinADD
FN:18,(anonymous_7)
FN:19,(anonymous_8)
FN:22,join
FN:25,(anonymous_10)
FN:25,(anonymous_11)
FNF:12
FNH:9
FNDA:5,joinAND
FNDA:5,(anonymous_1)
FNDA:15,(anonymous_2)
FNDA:0,joinOR
FNDA:0,(anonymous_4)
FNDA:0,(anonymous_5)
FNDA:1,joinADD
FNDA:1,(anonymous_7)
FNDA:3,(anonymous_8)
FNDA:1,join
FNDA:1,(anonymous_10)
FNDA:3,(anonymous_11)
DA:1,1
DA:4,5
DA:5,15
DA:8,1
DA:11,0
DA:12,0
DA:15,1
DA:18,1
DA:19,3
DA:22,1
DA:25,3
LF:11
LH:9
BRDA:5,0,0,15
BRDA:5,0,1,10
BRDA:5,1,0,10
BRDA:5,1,1,0
BRDA:12,2,0,0
BRDA:12,2,1,0
BRDA:12,3,0,0
BRDA:12,3,1,0
BRDA:19,4,0,3
BRDA:19,4,1,0
BRF:10
BRH:4
end_of_record
TN:
SF:/Users/callum/Workplace/Otherworld/site/src/client/generation/model/MapNode.ts
FN:5,(anonymous_0)
FN:8,(anonymous_1)
FN:12,(anonymous_2)
FN:16,(anonymous_3)
FNF:4
FNH:4
FNDA:14,(anonymous_0)
FNDA:7,(anonymous_1)
FNDA:7,(anonymous_2)
FNDA:21,(anonymous_3)
DA:5,1
DA:6,14
DA:9,7
DA:13,7
DA:17,21
LF:5
LH:5
BRF:0
BRH:0
end_of_record
TN:
SF:/Users/callum/Workplace/Otherworld/site/src/client/services/jobs/ProcedureService.ts
FN:30,(anonymous_0)
FN:35,(anonymous_1)
FN:39,(anonymous_2)
FN:48,(anonymous_3)
FN:56,(anonymous_4)
FN:64,(anonymous_5)
FN:72,(anonymous_6)
FN:80,(anonymous_7)
FN:83,(anonymous_8)
FN:89,(anonymous_9)
FN:92,(anonymous_10)
FN:98,(anonymous_11)
FN:108,(anonymous_12)
FN:129,(anonymous_13)
FN:139,(anonymous_14)
FNF:15
FNH:1
FNDA:1,(anonymous_0)
FNDA:0,(anonymous_1)
FNDA:0,(anonymous_2)
FNDA:0,(anonymous_3)
FNDA:0,(anonymous_4)
FNDA:0,(anonymous_5)
FNDA:0,(anonymous_6)
FNDA:0,(anonymous_7)
FNDA:0,(anonymous_8)
FNDA:0,(anonymous_9)
FNDA:0,(anonymous_10)
FNDA:0,(anonymous_11)
FNDA:0,(anonymous_12)
FNDA:0,(anonymous_13)
FNDA:0,(anonymous_14)
DA:1,1
DA:2,1
DA:18,1
DA:23,1
DA:26,1
DA:31,1
DA:32,1
DA:36,0
DA:40,0
DA:42,0
DA:44,0
DA:45,0
DA:49,0
DA:52,0
DA:53,0
DA:57,0
DA:60,0
DA:61,0
DA:65,0
DA:68,0
DA:69,0
DA:73,0
DA:76,0
DA:77,0
DA:81,0
DA:83,0
DA:84,0
DA:85,0
DA:90,0
DA:92,0
DA:93,0
DA:94,0
DA:102,0
DA:109,0
DA:110,0
DA:111,0
DA:112,0
DA:113,0
DA:117,0
DA:118,0
DA:119,0
DA:120,0
DA:121,0
DA:124,0
DA:130,0
DA:132,0
DA:133,0
DA:135,0
DA:144,0
DA:155,1
LF:50
LH:8
BRDA:84,0,0,0
BRDA:84,0,1,0
BRDA:93,1,0,0
BRDA:93,1,1,0
BRDA:111,2,0,0
BRDA:111,2,1,0
BRDA:119,3,0,0
BRDA:119,3,1,0
BRDA:122,4,0,0
BRDA:122,4,1,0
BRDA:132,5,0,0
BRDA:132,5,1,0
BRDA:147,6,0,0
BRDA:147,6,1,0
BRDA:148,7,0,0
BRDA:148,7,1,0
BRF:16
BRH:0
end_of_record
TN:
SF:/Users/callum/Workplace/Otherworld/site/src/client/ui/components/TextComponent.tsx
FN:3,(anonymous_0)
FN:7,(anonymous_1)
FN:14,(anonymous_2)
FN:23,(anonymous_3)
FN:42,(anonymous_4)
FN:55,(anonymous_5)
FN:60,(anonymous_6)
FN:89,(anonymous_7)
FNF:8
FNH:4
FNDA:1,(anonymous_0)
FNDA:1,(anonymous_1)
FNDA:1,(anonymous_2)
FNDA:1,(anonymous_3)
FNDA:0,(anonymous_4)
FNDA:0,(anonymous_5)
FNDA:0,(anonymous_6)
FNDA:0,(anonymous_7)
DA:1,1
DA:3,1
DA:4,1
DA:7,1
DA:8,1
DA:9,1
DA:10,1
DA:11,1
DA:14,1
DA:15,1
DA:16,1
DA:17,1
DA:18,1
DA:19,1
DA:20,1
DA:23,1
DA:24,1
DA:25,1
DA:40,1
DA:42,1
DA:45,0
DA:55,1
DA:58,0
DA:60,0
DA:61,0
DA:66,0
DA:72,0
DA:74,0
DA:89,0
LF:29
LH:21
BRDA:3,0,0,1
BRDA:3,0,1,1
BRDA:7,1,0,1
BRDA:7,1,1,1
BRDA:14,2,0,1
BRDA:14,2,1,1
BRDA:23,3,0,1
BRDA:23,3,1,1
BRDA:62,4,0,0
BRDA:62,4,1,0
BRDA:67,5,0,0
BRDA:67,5,1,0
BRDA:72,6,0,0
BRDA:72,6,1,0
BRDA:89,7,0,0
BRDA:89,7,1,0
BRF:16
BRH:8
end_of_record
TN:
SF:/Users/callum/Workplace/Otherworld/site/src/client/uisite/NavbarContainer.tsx
FN:11,(anonymous_0)
FN:24,(anonymous_1)
FN:28,(anonymous_2)
FN:29,(anonymous_3)
FN:32,(anonymous_4)
FN:97,(anonymous_5)
FN:101,(anonymous_6)
FN:105,(anonymous_7)
FN:124,(anonymous_8)
FNF:9
FNH:1
FNDA:1,(anonymous_0)
FNDA:0,(anonymous_1)
FNDA:0,(anonymous_2)
FNDA:0,(anonymous_3)
FNDA:0,(anonymous_4)
FNDA:0,(anonymous_5)
FNDA:0,(anonymous_6)
FNDA:0,(anonymous_7)
FNDA:0,(anonymous_8)
DA:1,1
DA:2,1
DA:8,1
DA:9,1
DA:11,1
DA:12,1
DA:13,1
DA:14,1
DA:15,1
DA:24,1
DA:27,0
DA:28,0
DA:29,0
DA:30,0
DA:32,0
DA:33,0
DA:34,0
DA:35,0
DA:37,0
DA:41,0
DA:97,1
DA:98,0
DA:99,0
DA:101,0
DA:102,0
DA:103,0
DA:105,0
DA:112,0
DA:114,0
DA:124,0
LF:30
LH:11
BRDA:11,0,0,1
BRDA:11,0,1,1
BRDA:34,1,0,0
BRDA:34,1,1,0
BRDA:102,2,0,0
BRDA:102,2,1,0
BRDA:119,3,0,0
BRDA:119,3,1,0
BRF:8
BRH:2
end_of_record
TN:
SF:/Users/callum/Workplace/Otherworld/site/src/client/uisite/PageAbout.tsx
FN:5,(anonymous_0)
FNF:1
FNH:0
FNDA:0,(anonymous_0)
DA:1,1
DA:3,1
DA:5,1
DA:6,0
LF:4
LH:3
BRF:0
BRH:0
end_of_record
TN:
SF:/Users/callum/Workplace/Otherworld/site/src/client/uisite/PageAnnouncements.tsx
FN:5,(anonymous_0)
FNF:1
FNH:0
FNDA:0,(anonymous_0)
DA:1,1
DA:3,1
DA:5,1
DA:6,0
LF:4
LH:3
BRF:0
BRH:0
end_of_record
TN:
SF:/Users/callum/Workplace/Otherworld/site/src/client/uisite/PageDeepDive.tsx
FN:11,(anonymous_0)
FN:34,(anonymous_1)
FN:39,(anonymous_2)
FNF:3
FNH:0
FNDA:0,(anonymous_0)
FNDA:0,(anonymous_1)
FNDA:0,(anonymous_2)
DA:1,1
DA:3,1
DA:4,1
DA:6,1
DA:11,1
DA:12,0
DA:34,1
DA:35,0
DA:36,0
DA:40,0
LF:10
LH:6
BRF:0
BRH:0
end_of_record
TN:
SF:/Users/callum/Workplace/Otherworld/site/src/client/uisite/WebContentContainer.tsx
FN:14,(anonymous_0)
FN:40,(anonymous_1)
FNF:2
FNH:2
FNDA:1,(anonymous_0)
FNDA:1,(anonymous_1)
DA:1,1
DA:3,1
DA:4,1
DA:6,1
DA:7,1
DA:14,1
DA:17,1
DA:18,1
DA:20,1
DA:40,1
DA:41,1
DA:43,0
DA:45,0
DA:47,0
LF:14
LH:11
BRDA:42,0,0,0
BRDA:42,0,1,0
BRDA:42,0,2,0
BRF:3
BRH:0
end_of_record
TN:
SF:/Users/callum/Workplace/Otherworld/site/src/client/uisite/components/AsyncMarkdownRenderers.tsx
FN:5,(anonymous_0)
FN:10,(anonymous_1)
FN:19,(anonymous_2)
FN:25,(anonymous_3)
FNF:4
FNH:0
FNDA:0,(anonymous_0)
FNDA:0,(anonymous_1)
FNDA:0,(anonymous_2)
FNDA:0,(anonymous_3)
DA:1,1
DA:5,1
DA:10,1
DA:11,0
DA:20,0
DA:21,0
DA:26,0
LF:7
LH:3
BRDA:20,0,0,0
BRDA:20,0,1,0
BRF:2
BRH:0
end_of_record
TN:
SF:/Users/callum/Workplace/Otherworld/site/src/client/uisite/components/AysncMarkdown.tsx
FN:9,(anonymous_0)
FN:13,(anonymous_1)
FN:15,(anonymous_2)
FN:18,(anonymous_3)
FN:21,(anonymous_4)
FNF:5
FNH:0
FNDA:0,(anonymous_0)
FNDA:0,(anonymous_1)
FNDA:0,(anonymous_2)
FNDA:0,(anonymous_3)
FNDA:0,(anonymous_4)
DA:1,1
DA:2,1
DA:3,1
DA:9,1
DA:12,0
DA:13,0
DA:14,0
DA:16,0
DA:19,0
DA:21,0
DA:23,0
LF:11
LH:4
BRF:0
BRH:0
end_of_record
TN:
SF:/Users/callum/Workplace/Otherworld/site/src/client/uisite/components/Dropdown.tsx
FN:12,(anonymous_0)
FN:29,(anonymous_1)
FN:30,(anonymous_2)
FN:31,(anonymous_3)
FN:40,(anonymous_4)
FN:41,(anonymous_5)
FNF:6
FNH:0
FNDA:0,(anonymous_0)
FNDA:0,(anonymous_1)
FNDA:0,(anonymous_2)
FNDA:0,(anonymous_3)
FNDA:0,(anonymous_4)
FNDA:0,(anonymous_5)
DA:1,1
DA:2,1
DA:9,1
DA:10,1
DA:12,1
DA:13,0
DA:14,0
DA:15,0
DA:16,0
DA:29,0
DA:30,0
DA:31,0
DA:40,1
DA:41,1
LF:14
LH:7
BRDA:22,0,0,0
BRDA:22,0,1,0
BRDA:33,1,0,0
BRDA:33,1,1,0
BRDA:35,2,0,0
BRDA:35,2,1,0
BRF:6
BRH:0
end_of_record
TN:
SF:/Users/callum/Workplace/Otherworld/site/src/client/util/animation/AnimationIntervalDriver.ts
FN:6,(anonymous_0)
FN:8,(anonymous_1)
FN:16,(anonymous_2)
FN:20,(anonymous_3)
FNF:4
FNH:0
FNDA:0,(anonymous_0)
FNDA:0,(anonymous_1)
FNDA:0,(anonymous_2)
FNDA:0,(anonymous_3)
DA:1,1
DA:2,1
DA:4,1
DA:6,0
DA:9,0
DA:10,0
DA:13,0
DA:17,0
DA:21,0
DA:22,0
DA:24,0
LF:11
LH:3
BRDA:11,0,0,0
BRDA:11,0,1,0
BRDA:21,1,0,0
BRDA:21,1,1,0
BRF:4
BRH:0
end_of_record
TN:
SF:/Users/callum/Workplace/Otherworld/site/src/client/util/animation/Animations.ts
FN:7,(anonymous_0)
FN:11,(anonymous_1)
FN:20,(anonymous_2)
FN:31,(anonymous_3)
FN:31,(anonymous_4)
FN:35,(anonymous_5)
FN:37,(anonymous_6)
FN:40,(anonymous_7)
FN:48,sin
FN:53,easeInOutCirc
FNF:10
FNH:0
FNDA:0,(anonymous_0)
FNDA:0,(anonymous_1)
FNDA:0,(anonymous_2)
FNDA:0,(anonymous_3)
FNDA:0,(anonymous_4)
FNDA:0,(anonymous_5)
FNDA:0,(anonymous_6)
FNDA:0,(anonymous_7)
FNDA:0,sin
FNDA:0,easeInOutCirc
DA:1,1
DA:5,1
DA:7,1
DA:8,0
DA:11,1
DA:14,0
DA:20,1
DA:23,0
DA:31,1
DA:32,0
DA:35,1
DA:37,1
DA:40,0
DA:41,0
DA:42,0
DA:44,0
DA:48,1
DA:49,0
DA:53,1
DA:54,0
LF:20
LH:10
BRDA:41,0,0,0
BRDA:41,0,1,0
BRDA:55,1,0,0
BRDA:55,1,1,0
BRF:4
BRH:0
end_of_record
TN:
SF:/Users/callum/Workplace/Otherworld/site/src/client/util/animation/CompositeAnimation.ts
FN:4,(anonymous_0)
FN:24,(anonymous_1)
FN:29,(anonymous_2)
FN:34,(anonymous_3)
FN:39,(anonymous_4)
FN:44,(anonymous_5)
FN:48,(anonymous_6)
FN:53,(anonymous_7)
FN:54,(anonymous_8)
FN:57,(anonymous_9)
FN:61,(anonymous_10)
FN:67,(anonymous_11)
FN:72,(anonymous_12)
FN:77,(anonymous_13)
FN:96,(anonymous_14)
FN:104,(anonymous_15)
FN:111,(anonymous_16)
FN:118,(anonymous_17)
FN:123,(anonymous_18)
FN:126,(anonymous_19)
FNF:20
FNH:1
FNDA:1,(anonymous_0)
FNDA:0,(anonymous_1)
FNDA:0,(anonymous_2)
FNDA:0,(anonymous_3)
FNDA:0,(anonymous_4)
FNDA:0,(anonymous_5)
FNDA:0,(anonymous_6)
FNDA:0,(anonymous_7)
FNDA:0,(anonymous_8)
FNDA:0,(anonymous_9)
FNDA:0,(anonymous_10)
FNDA:0,(anonymous_11)
FNDA:0,(anonymous_12)
FNDA:0,(anonymous_13)
FNDA:0,(anonymous_14)
FNDA:0,(anonymous_15)
FNDA:0,(anonymous_16)
FNDA:0,(anonymous_17)
FNDA:0,(anonymous_18)
FNDA:0,(anonymous_19)
DA:1,1
DA:4,1
DA:5,1
DA:6,1
DA:14,1
DA:22,0
DA:25,0
DA:26,0
DA:30,0
DA:31,0
DA:35,0
DA:36,0
DA:40,0
DA:41,0
DA:45,0
DA:46,0
DA:47,0
DA:48,0
DA:50,0
DA:54,0
DA:55,0
DA:57,0
DA:58,0
DA:59,0
DA:61,0
DA:63,0
DA:65,0
DA:67,0
DA:68,0
DA:73,0
DA:75,0
DA:76,0
DA:77,0
DA:79,0
DA:80,0
DA:81,0
DA:83,0
DA:85,0
DA:88,0
DA:89,0
DA:90,0
DA:92,0
DA:94,0
DA:97,0
DA:100,0
DA:105,0
DA:106,0
DA:107,0
DA:112,0
DA:113,0
DA:114,0
DA:119,0
DA:120,0
DA:123,0
DA:127,0
LF:55
LH:5
BRDA:4,0,0,1
BRDA:4,0,1,1
BRDA:47,1,0,0
BRDA:47,1,1,0
BRDA:56,2,0,0
BRDA:56,2,1,0
BRDA:74,3,0,0
BRDA:74,3,1,0
BRDA:79,4,0,0
BRDA:79,4,1,0
BRDA:80,5,0,0
BRDA:80,5,1,0
BRDA:83,6,0,0
BRDA:83,6,1,0
BRDA:88,7,0,0
BRDA:88,7,1,0
BRDA:89,8,0,0
BRDA:89,8,1,0
BRDA:92,9,0,0
BRDA:92,9,1,0
BRDA:106,10,0,0
BRDA:106,10,1,0
BRDA:113,11,0,0
BRDA:113,11,1,0
BRDA:119,12,0,0
BRDA:119,12,1,0
BRF:26
BRH:2
end_of_record
TN:
SF:/Users/callum/Workplace/Otherworld/site/src/client/util/animation/GameAnimation.ts
FN:24,(anonymous_0)
FN:113,(anonymous_1)
FN:28,(anonymous_2)
FN:33,(anonymous_3)
FN:38,(anonymous_4)
FN:40,(anonymous_5)
FN:44,(anonymous_6)
FN:49,(anonymous_7)
FN:54,(anonymous_8)
FN:59,(anonymous_9)
FN:62,(anonymous_10)
FN:67,(anonymous_11)
FN:74,(anonymous_12)
FN:82,(anonymous_13)
FN:102,(anonymous_14)
FN:106,(anonymous_15)
FN:110,(anonymous_16)
FNF:17
FNH:0
FNDA:0,(anonymous_0)
FNDA:0,(anonymous_1)
FNDA:0,(anonymous_2)
FNDA:0,(anonymous_3)
FNDA:0,(anonymous_4)
FNDA:0,(anonymous_5)
FNDA:0,(anonymous_6)
FNDA:0,(anonymous_7)
FNDA:0,(anonymous_8)
FNDA:0,(anonymous_9)
FNDA:0,(anonymous_10)
FNDA:0,(anonymous_11)
FNDA:0,(anonymous_12)
FNDA:0,(anonymous_13)
FNDA:0,(anonymous_14)
FNDA:0,(anonymous_15)
FNDA:0,(anonymous_16)
DA:1,1
DA:2,1
DA:13,1
DA:15,1
DA:16,0
DA:17,0
DA:18,0
DA:19,0
DA:21,0
DA:24,0
DA:25,0
DA:29,0
DA:30,0
DA:34,0
DA:35,0
DA:39,0
DA:40,0
DA:41,0
DA:45,0
DA:46,0
DA:50,0
DA:51,0
DA:55,0
DA:56,0
DA:60,0
DA:61,0
DA:62,0
DA:64,0
DA:68,0
DA:69,0
DA:70,0
DA:75,0
DA:76,0
DA:77,0
DA:78,0
DA:83,0
DA:84,0
DA:86,0
DA:87,0
DA:88,0
DA:89,0
DA:91,0
DA:93,0
DA:94,0
DA:96,0
DA:97,0
DA:98,0
DA:103,0
DA:107,0
DA:111,0
DA:113,0
LF:51
LH:4
BRDA:34,0,0,0
BRDA:34,0,1,0
BRDA:61,1,0,0
BRDA:61,1,1,0
BRDA:69,2,0,0
BRDA:69,2,1,0
BRDA:77,3,0,0
BRDA:77,3,1,0
BRDA:83,4,0,0
BRDA:83,4,1,0
BRDA:86,5,0,0
BRDA:86,5,1,0
BRDA:88,6,0,0
BRDA:88,6,1,0
BRDA:94,7,0,0
BRDA:94,7,1,0
BRF:16
BRH:0
end_of_record
TN:
SF:/Users/callum/Workplace/Otherworld/site/src/client/util/array/ConsistentArray.ts
FN:6,(anonymous_0)
FN:12,(anonymous_1)
FN:16,(anonymous_2)
FN:20,(anonymous_3)
FN:24,(anonymous_4)
FN:28,(anonymous_5)
FN:32,(anonymous_6)
FN:34,(anonymous_7)
FNF:8
FNH:1
FNDA:2,(anonymous_0)
FNDA:0,(anonymous_1)
FNDA:0,(anonymous_2)
FNDA:0,(anonymous_3)
FNDA:0,(anonymous_4)
FNDA:0,(anonymous_5)
FNDA:0,(anonymous_6)
FNDA:0,(anonymous_7)
DA:1,1
DA:7,2
DA:8,2
DA:9,2
DA:13,0
DA:17,0
DA:21,0
DA:25,0
DA:29,0
DA:33,0
DA:34,0
DA:35,0
DA:36,0
DA:37,0
DA:39,0
DA:41,0
DA:42,0
LF:17
LH:4
BRDA:36,0,0,0
BRDA:36,0,1,0
BRF:2
BRH:0
end_of_record
TN:
SF:/Users/callum/Workplace/Otherworld/site/src/client/util/math/Basic.ts
FN:3,interpolate
FN:7,convert_unit
FN:12,clipToRange
FN:23,toRadians
FN:27,getGradientIncrementor
FN:35,getGradientOffset
FN:43,getTextureCoordinate
FN:64,randomSelection
FN:69,toGameAngle
FN:73,toGameVector
FNF:10
FNH:1
FNDA:0,interpolate
FNDA:0,convert_unit
FNDA:0,clipToRange
FNDA:0,toRadians
FNDA:0,getGradientIncrementor
FNDA:0,getGradientOffset
FNDA:0,getTextureCoordinate
FNDA:0,randomSelection
FNDA:4,toGameAngle
FNDA:0,toGameVector
DA:3,1
DA:4,0
DA:7,1
DA:8,0
DA:9,0
DA:12,1
DA:17,0
DA:18,0
DA:19,0
DA:20,0
DA:23,1
DA:24,0
DA:27,1
DA:32,0
DA:35,1
DA:40,0
DA:43,1
DA:56,0
DA:64,1
DA:65,0
DA:66,0
DA:69,1
DA:70,4
DA:73,1
DA:74,0
LF:25
LH:11
BRDA:18,0,0,0
BRDA:18,0,1,0
BRDA:19,1,0,0
BRDA:19,1,1,0
BRF:4
BRH:0
end_of_record
TN:
SF:/Users/callum/Workplace/Otherworld/site/src/client/util/math/UI.ts
FN:4,getImagePropsFromSprite
FN:34,getHexFromRGB
FN:38,getHexFromByte
FN:45,getHexFrom4Bit
FNF:4
FNH:3
FNDA:0,getImagePropsFromSprite
FNDA:3,getHexFromRGB
FNDA:9,getHexFromByte
FNDA:18,getHexFrom4Bit
DA:4,1
DA:9,0
DA:10,0
DA:11,0
DA:12,0
DA:14,0
DA:15,0
DA:17,0
DA:18,0
DA:20,0
DA:21,0
DA:23,0
DA:24,0
DA:26,0
DA:34,1
DA:35,3
DA:38,1
DA:39,9
DA:40,9
DA:42,9
DA:45,1
DA:46,18
DA:47,12
DA:49,6
DA:51,0
DA:53,0
DA:55,0
DA:57,0
DA:59,0
DA:61,6
DA:64,0
LF:31
LH:12
BRDA:46,0,0,12
BRDA:46,0,1,6
BRDA:50,1,0,0
BRDA:50,1,1,0
BRDA:50,1,2,0
BRDA:50,1,3,0
BRDA:50,1,4,0
BRDA:50,1,5,6
BRF:8
BRH:3
end_of_record
